\BOOKMARK [1][-]{section.1}{Introduction}{}% 1
\BOOKMARK [1][-]{section.2}{Related Work}{}% 2
\BOOKMARK [1][-]{section.3}{Methodology}{}% 3
\BOOKMARK [2][-]{subsection.3.1}{Schema acquisition}{section.3}% 4
\BOOKMARK [2][-]{subsection.3.2}{Attribute to Sentence Transformation}{section.3}% 5
\BOOKMARK [2][-]{subsection.3.3}{Schema Map generation}{section.3}% 6
\BOOKMARK [1][-]{section.4}{Experimental Setup}{}% 7
\BOOKMARK [1][-]{section.5}{Results}{}% 8
\BOOKMARK [2][-]{subsection.5.1}{Dataset Annotation}{section.5}% 9
\BOOKMARK [2][-]{subsection.5.2}{Threshold Selection}{section.5}% 10
\BOOKMARK [2][-]{subsection.5.3}{Model Evaluation}{section.5}% 11
\BOOKMARK [1][-]{section.6}{Discussion}{}% 12
\BOOKMARK [1][-]{section.7}{Conclusion}{}% 13
\BOOKMARK [1][-]{section*.2}{REFERENCES}{}% 14
\BOOKMARK [2][-]{section*.3}{Fahad Ahmed Satti}{section*.2}% 15
\BOOKMARK [2][-]{section*.3}{Musarrat Hussain}{section*.2}% 16
\BOOKMARK [2][-]{section*.3}{Jamil Hussain}{section*.2}% 17
\BOOKMARK [2][-]{section*.3}{Syed Imran Ali}{section*.2}% 18
\BOOKMARK [2][-]{section*.3}{Taqdir Ali}{section*.2}% 19
\BOOKMARK [2][-]{section*.3}{Hafiz Syed Muhammad Bilal}{section*.2}% 20
\BOOKMARK [2][-]{section*.3}{TaeChoong Chung}{section*.2}% 21
\BOOKMARK [2][-]{section*.3}{Sungyoung Lee}{section*.2}% 22
