This is pdfTeX, Version 3.14159265-2.6-1.40.20 (TeX Live 2019/Debian) (preloaded format=pdflatex 2021.1.19)  25 JUL 2021 17:14
entering extended mode
 restricted \write18 enabled.
 %&-line parsing enabled.
**ManuScript.tex
(./ManuScript.tex
LaTeX2e <2020-02-02> patch level 2
L3 programming layer <2020-02-14> (./ieeeaccess.cls (./IEEEtran.cls
Document Class: IEEEtran 2015/08/26 V1.8b by Michael Shell
-- See the "IEEEtran_HOWTO" manual for usage information.
-- http://www.michaelshell.org/tex/ieeetran/
\@IEEEtrantmpdimenA=\dimen134
\@IEEEtrantmpdimenB=\dimen135
\@IEEEtrantmpdimenC=\dimen136
\@IEEEtrantmpcountA=\count167
\@IEEEtrantmpcountB=\count168
\@IEEEtrantmpcountC=\count169
\@IEEEtrantmptoksA=\toks14
LaTeX Font Info:    Trying to load font information for OT1+ptm on input line 5
03.
(/usr/share/texlive/texmf-dist/tex/latex/psnfss/ot1ptm.fd
File: ot1ptm.fd 2001/06/04 font definitions for OT1/ptm.
)
-- Using 8.5in x 11in (letter) paper.
-- Using PDF output.
\@IEEEnormalsizeunitybaselineskip=\dimen137
-- This is a 10 point document.
\CLASSINFOnormalsizebaselineskip=\dimen138
\CLASSINFOnormalsizeunitybaselineskip=\dimen139
\IEEEnormaljot=\dimen140
LaTeX Font Info:    Font shape `OT1/ptm/bx/n' in size <5> not available
(Font)              Font shape `OT1/ptm/b/n' tried instead on input line 1090.
LaTeX Font Info:    Font shape `OT1/ptm/bx/it' in size <5> not available
(Font)              Font shape `OT1/ptm/b/it' tried instead on input line 1090.

LaTeX Font Info:    Font shape `OT1/ptm/bx/n' in size <7> not available
(Font)              Font shape `OT1/ptm/b/n' tried instead on input line 1090.
LaTeX Font Info:    Font shape `OT1/ptm/bx/it' in size <7> not available
(Font)              Font shape `OT1/ptm/b/it' tried instead on input line 1090.

LaTeX Font Info:    Font shape `OT1/ptm/bx/n' in size <8> not available
(Font)              Font shape `OT1/ptm/b/n' tried instead on input line 1090.
LaTeX Font Info:    Font shape `OT1/ptm/bx/it' in size <8> not available
(Font)              Font shape `OT1/ptm/b/it' tried instead on input line 1090.

LaTeX Font Info:    Font shape `OT1/ptm/bx/n' in size <9> not available
(Font)              Font shape `OT1/ptm/b/n' tried instead on input line 1090.
LaTeX Font Info:    Font shape `OT1/ptm/bx/it' in size <9> not available
(Font)              Font shape `OT1/ptm/b/it' tried instead on input line 1090.

LaTeX Font Info:    Font shape `OT1/ptm/bx/n' in size <10> not available
(Font)              Font shape `OT1/ptm/b/n' tried instead on input line 1090.
LaTeX Font Info:    Font shape `OT1/ptm/bx/it' in size <10> not available
(Font)              Font shape `OT1/ptm/b/it' tried instead on input line 1090.

LaTeX Font Info:    Font shape `OT1/ptm/bx/n' in size <11> not available
(Font)              Font shape `OT1/ptm/b/n' tried instead on input line 1090.
LaTeX Font Info:    Font shape `OT1/ptm/bx/it' in size <11> not available
(Font)              Font shape `OT1/ptm/b/it' tried instead on input line 1090.

LaTeX Font Info:    Font shape `OT1/ptm/bx/n' in size <12> not available
(Font)              Font shape `OT1/ptm/b/n' tried instead on input line 1090.
LaTeX Font Info:    Font shape `OT1/ptm/bx/it' in size <12> not available
(Font)              Font shape `OT1/ptm/b/it' tried instead on input line 1090.

LaTeX Font Info:    Font shape `OT1/ptm/bx/n' in size <17> not available
(Font)              Font shape `OT1/ptm/b/n' tried instead on input line 1090.
LaTeX Font Info:    Font shape `OT1/ptm/bx/it' in size <17> not available
(Font)              Font shape `OT1/ptm/b/it' tried instead on input line 1090.

LaTeX Font Info:    Font shape `OT1/ptm/bx/n' in size <20> not available
(Font)              Font shape `OT1/ptm/b/n' tried instead on input line 1090.
LaTeX Font Info:    Font shape `OT1/ptm/bx/it' in size <20> not available
(Font)              Font shape `OT1/ptm/b/it' tried instead on input line 1090.

LaTeX Font Info:    Font shape `OT1/ptm/bx/n' in size <24> not available
(Font)              Font shape `OT1/ptm/b/n' tried instead on input line 1090.
LaTeX Font Info:    Font shape `OT1/ptm/bx/it' in size <24> not available
(Font)              Font shape `OT1/ptm/b/it' tried instead on input line 1090.

\IEEEquantizedlength=\dimen141
\IEEEquantizedlengthdiff=\dimen142
\IEEEquantizedtextheightdiff=\dimen143
\IEEEilabelindentA=\dimen144
\IEEEilabelindentB=\dimen145
\IEEEilabelindent=\dimen146
\IEEEelabelindent=\dimen147
\IEEEdlabelindent=\dimen148
\IEEElabelindent=\dimen149
\IEEEiednormlabelsep=\dimen150
\IEEEiedmathlabelsep=\dimen151
\IEEEiedtopsep=\skip47
\c@section=\count170
\c@subsection=\count171
\c@subsubsection=\count172
\c@paragraph=\count173
\c@IEEEsubequation=\count174
\abovecaptionskip=\skip48
\belowcaptionskip=\skip49
\c@figure=\count175
\c@table=\count176
\@IEEEeqnnumcols=\count177
\@IEEEeqncolcnt=\count178
\@IEEEsubeqnnumrollback=\count179
\@IEEEquantizeheightA=\dimen152
\@IEEEquantizeheightB=\dimen153
\@IEEEquantizeheightC=\dimen154
\@IEEEquantizeprevdepth=\dimen155
\@IEEEquantizemultiple=\count180
\@IEEEquantizeboxA=\box45
\@IEEEtmpitemindent=\dimen156
\IEEEPARstartletwidth=\dimen157
\c@IEEEbiography=\count181
\@IEEEtranrubishbin=\box46
) (/usr/share/texlive/texmf-dist/tex/generic/iftex/ifpdf.sty
Package: ifpdf 2019/10/25 v3.4 ifpdf legacy package. Use iftex instead.

(/usr/share/texlive/texmf-dist/tex/generic/iftex/iftex.sty
Package: iftex 2019/11/07 v1.0c TeX engine tests
))
(/usr/share/texlive/texmf-dist/tex/latex/xkeyval/xkeyval.sty
Package: xkeyval 2014/12/03 v2.7a package option processing (HA)

(/usr/share/texlive/texmf-dist/tex/generic/xkeyval/xkeyval.tex
(/usr/share/texlive/texmf-dist/tex/generic/xkeyval/xkvutils.tex
\XKV@toks=\toks15
\XKV@tempa@toks=\toks16

(/usr/share/texlive/texmf-dist/tex/generic/xkeyval/keyval.tex))
\XKV@depth=\count182
File: xkeyval.tex 2014/12/03 v2.7a key=value parser (HA)
)){/var/lib/texmf/fonts/map/pdftex/updmap/pdftex.map}

pdfTeX warning: /usr/bin/pdflatex (file t1-times.map): cannot open font map fil
e


pdfTeX warning: /usr/bin/pdflatex (file t1-formata.map): cannot open font map f
ile


pdfTeX warning: /usr/bin/pdflatex (file t1-giovannistd.map): cannot open font m
ap file
\@draftversionrule=\dimen158
(/usr/share/texlive/texmf-dist/tex/latex/graphics/color.sty
Package: color 2019/11/23 v1.2a Standard LaTeX Color (DPC)

(/usr/share/texlive/texmf-dist/tex/latex/graphics-cfg/color.cfg
File: color.cfg 2016/01/02 v1.6 sample color configuration
)
Package color Info: Driver file: pdftex.def on input line 147.

(/usr/share/texlive/texmf-dist/tex/latex/graphics-def/pdftex.def
File: pdftex.def 2018/01/08 v1.0l Graphics/color driver for pdftex
))
(/usr/share/texlive/texmf-dist/tex/latex/spotcolor/spotcolor.sty
Package: spotcolor 2006/11/15 v1.2 Package for adding Spot Color support to pdf
LaTeX.

(/usr/share/texlive/texmf-dist/tex/latex/graphics/graphics.sty
Package: graphics 2019/11/30 v1.4a Standard LaTeX Graphics (DPC,SPQR)

(/usr/share/texlive/texmf-dist/tex/latex/graphics/trig.sty
Package: trig 2016/01/03 v1.10 sin cos tan (DPC)
)
(/usr/share/texlive/texmf-dist/tex/latex/graphics-cfg/graphics.cfg
File: graphics.cfg 2016/06/04 v1.11 sample graphics configuration
)
Package graphics Info: Driver file: pdftex.def on input line 105.
)
\thecolorprofile=\count183
\thecolor=\count184
)
\PANTONE=\toks17
Package color Info: Redefining color black on input line 135.
\figbox=\box47
\titlewidth=\skip50
\abstractwidth=\skip51
\c@addrCtr=\count185
\abstractbox=\box48
\indexbox=\box49
\absht=\dimen159
\kwdht=\dimen160
\@tempcntc=\count186
\titlepgskip=\skip52
\maketitlebox=\box50
)
(/usr/share/texlive/texmf-dist/tex/latex/cite/cite.sty
LaTeX Info: Redefining \cite on input line 302.
LaTeX Info: Redefining \nocite on input line 332.
Package: cite 2015/02/27  v 5.5
)
(/usr/share/texlive/texmf-dist/tex/latex/amsmath/amsmath.sty
Package: amsmath 2020/01/20 v2.17e AMS math features
\@mathmargin=\skip53

For additional information on amsmath, use the `?' option.
(/usr/share/texlive/texmf-dist/tex/latex/amsmath/amstext.sty
Package: amstext 2000/06/29 v2.01 AMS text

(/usr/share/texlive/texmf-dist/tex/latex/amsmath/amsgen.sty
File: amsgen.sty 1999/11/30 v2.0 generic functions
\@emptytoks=\toks18
\ex@=\dimen161
))
(/usr/share/texlive/texmf-dist/tex/latex/amsmath/amsbsy.sty
Package: amsbsy 1999/11/29 v1.2d Bold Symbols
\pmbraise@=\dimen162
)
(/usr/share/texlive/texmf-dist/tex/latex/amsmath/amsopn.sty
Package: amsopn 2016/03/08 v2.02 operator names
)
\inf@bad=\count187
LaTeX Info: Redefining \frac on input line 227.
\uproot@=\count188
\leftroot@=\count189
LaTeX Info: Redefining \overline on input line 389.
\classnum@=\count190
\DOTSCASE@=\count191
LaTeX Info: Redefining \ldots on input line 486.
LaTeX Info: Redefining \dots on input line 489.
LaTeX Info: Redefining \cdots on input line 610.
\Mathstrutbox@=\box51
\strutbox@=\box52
\big@size=\dimen163
LaTeX Font Info:    Redeclaring font encoding OML on input line 733.
LaTeX Font Info:    Redeclaring font encoding OMS on input line 734.
\macc@depth=\count192
\c@MaxMatrixCols=\count193
\dotsspace@=\muskip16
\c@parentequation=\count194
\dspbrk@lvl=\count195
\tag@help=\toks19
\row@=\count196
\column@=\count197
\maxfields@=\count198
\andhelp@=\toks20
\eqnshift@=\dimen164
\alignsep@=\dimen165
\tagshift@=\dimen166
\tagwidth@=\dimen167
\totwidth@=\dimen168
\lineht@=\dimen169
\@envbody=\toks21
\multlinegap=\skip54
\multlinetaggap=\skip55
\mathdisplay@stack=\toks22
LaTeX Info: Redefining \[ on input line 2859.
LaTeX Info: Redefining \] on input line 2860.
)
(/usr/share/texlive/texmf-dist/tex/latex/amsfonts/amssymb.sty
Package: amssymb 2013/01/14 v3.01 AMS font symbols

(/usr/share/texlive/texmf-dist/tex/latex/amsfonts/amsfonts.sty
Package: amsfonts 2013/01/14 v3.01 Basic AMSFonts support
\symAMSa=\mathgroup4
\symAMSb=\mathgroup5
LaTeX Font Info:    Redeclaring math symbol \hbar on input line 98.
LaTeX Font Info:    Overwriting math alphabet `\mathfrak' in version `bold'
(Font)                  U/euf/m/n --> U/euf/b/n on input line 106.
))
(/usr/share/texlive/texmf-dist/tex/latex/algorithms/algorithmic.sty
Package: algorithmic 2009/08/24 v0.1 Document Style `algorithmic'

(/usr/share/texlive/texmf-dist/tex/latex/base/ifthen.sty
Package: ifthen 2014/09/29 v1.1c Standard LaTeX ifthen package (DPC)
)
\c@ALC@unique=\count199
\c@ALC@line=\count266
\c@ALC@rem=\count267
\c@ALC@depth=\count268
\ALC@tlm=\skip56
\algorithmicindent=\skip57
)
(/usr/share/texlive/texmf-dist/tex/latex/graphics/graphicx.sty
Package: graphicx 2019/11/30 v1.2a Enhanced LaTeX Graphics (DPC,SPQR)
\Gin@req@height=\dimen170
\Gin@req@width=\dimen171
)
(/usr/share/texlive/texmf-dist/tex/latex/base/textcomp.sty
Package: textcomp 2020/02/02 v2.0n Standard LaTeX package
)
(/usr/share/texlive/texmf-dist/tex/latex/multirow/multirow.sty
Package: multirow 2019/05/31 v2.5 Span multiple rows of a table
\multirow@colwidth=\skip58
\multirow@cntb=\count269
\multirow@dima=\skip59
\bigstrutjot=\dimen172
)
(/usr/share/texlive/texmf-dist/tex/generic/ulem/ulem.sty
\UL@box=\box53
\UL@hyphenbox=\box54
\UL@skip=\skip60
\UL@hook=\toks23
\UL@height=\dimen173
\UL@pe=\count270
\UL@pixel=\dimen174
\ULC@box=\box55
Package: ulem 2019/11/18
\ULdepth=\dimen175
)
(/usr/share/texlive/texmf-dist/tex/latex/hyperref/hyperref.sty
Package: hyperref 2020/01/14 v7.00d Hypertext links for LaTeX

(/usr/share/texlive/texmf-dist/tex/generic/ltxcmds/ltxcmds.sty
Package: ltxcmds 2019/12/15 v1.24 LaTeX kernel commands for general use (HO)
)
(/usr/share/texlive/texmf-dist/tex/latex/pdftexcmds/pdftexcmds.sty
Package: pdftexcmds 2019/11/24 v0.31 Utility functions of pdfTeX for LuaTeX (HO
)

(/usr/share/texlive/texmf-dist/tex/generic/infwarerr/infwarerr.sty
Package: infwarerr 2019/12/03 v1.5 Providing info/warning/error messages (HO)
)
Package pdftexcmds Info: \pdf@primitive is available.
Package pdftexcmds Info: \pdf@ifprimitive is available.
Package pdftexcmds Info: \pdfdraftmode found.
)
(/usr/share/texlive/texmf-dist/tex/generic/kvsetkeys/kvsetkeys.sty
Package: kvsetkeys 2019/12/15 v1.18 Key value parser (HO)
)
(/usr/share/texlive/texmf-dist/tex/generic/kvdefinekeys/kvdefinekeys.sty
Package: kvdefinekeys 2019-12-19 v1.6 Define keys (HO)
)
(/usr/share/texlive/texmf-dist/tex/generic/pdfescape/pdfescape.sty
Package: pdfescape 2019/12/09 v1.15 Implements pdfTeX's escape features (HO)
)
(/usr/share/texlive/texmf-dist/tex/latex/hycolor/hycolor.sty
Package: hycolor 2020-01-27 v1.10 Color options for hyperref/bookmark (HO)
)
(/usr/share/texlive/texmf-dist/tex/latex/letltxmacro/letltxmacro.sty
Package: letltxmacro 2019/12/03 v1.6 Let assignment for LaTeX macros (HO)
)
(/usr/share/texlive/texmf-dist/tex/latex/auxhook/auxhook.sty
Package: auxhook 2019-12-17 v1.6 Hooks for auxiliary files (HO)
)
(/usr/share/texlive/texmf-dist/tex/latex/kvoptions/kvoptions.sty
Package: kvoptions 2019/11/29 v3.13 Key value format for package options (HO)
)
\@linkdim=\dimen176
\Hy@linkcounter=\count271
\Hy@pagecounter=\count272

(/usr/share/texlive/texmf-dist/tex/latex/hyperref/pd1enc.def
File: pd1enc.def 2020/01/14 v7.00d Hyperref: PDFDocEncoding definition (HO)
Now handling font encoding PD1 ...
... no UTF-8 mapping file for font encoding PD1
)
(/usr/share/texlive/texmf-dist/tex/generic/intcalc/intcalc.sty
Package: intcalc 2019/12/15 v1.3 Expandable calculations with integers (HO)
)
(/usr/share/texlive/texmf-dist/tex/generic/etexcmds/etexcmds.sty
Package: etexcmds 2019/12/15 v1.7 Avoid name clashes with e-TeX commands (HO)
)
\Hy@SavedSpaceFactor=\count273
\pdfmajorversion=\count274
Package hyperref Info: Hyper figures OFF on input line 4547.
Package hyperref Info: Link nesting OFF on input line 4552.
Package hyperref Info: Hyper index ON on input line 4555.
Package hyperref Info: Plain pages OFF on input line 4562.
Package hyperref Info: Backreferencing OFF on input line 4567.
Package hyperref Info: Implicit mode ON; LaTeX internals redefined.
Package hyperref Info: Bookmarks ON on input line 4800.
\c@Hy@tempcnt=\count275

(/usr/share/texlive/texmf-dist/tex/latex/url/url.sty
\Urlmuskip=\muskip17
Package: url 2013/09/16  ver 3.4  Verb mode for urls, etc.
)
LaTeX Info: Redefining \url on input line 5159.
\XeTeXLinkMargin=\dimen177

(/usr/share/texlive/texmf-dist/tex/generic/bitset/bitset.sty
Package: bitset 2019/12/09 v1.3 Handle bit-vector datatype (HO)

(/usr/share/texlive/texmf-dist/tex/generic/bigintcalc/bigintcalc.sty
Package: bigintcalc 2019/12/15 v1.5 Expandable calculations on big integers (HO
)
))
\Fld@menulength=\count276
\Field@Width=\dimen178
\Fld@charsize=\dimen179
Package hyperref Info: Hyper figures OFF on input line 6430.
Package hyperref Info: Link nesting OFF on input line 6435.
Package hyperref Info: Hyper index ON on input line 6438.
Package hyperref Info: backreferencing OFF on input line 6445.
Package hyperref Info: Link coloring OFF on input line 6450.
Package hyperref Info: Link coloring with OCG OFF on input line 6455.
Package hyperref Info: PDF/A mode OFF on input line 6460.
LaTeX Info: Redefining \ref on input line 6500.
LaTeX Info: Redefining \pageref on input line 6504.

(/usr/share/texlive/texmf-dist/tex/generic/atbegshi/atbegshi.sty
Package: atbegshi 2019/12/05 v1.19 At begin shipout hook (HO)
)
\Hy@abspage=\count277
\c@Item=\count278
\c@Hfootnote=\count279
)
Package hyperref Info: Driver (autodetected): hpdftex.

(/usr/share/texlive/texmf-dist/tex/latex/hyperref/hpdftex.def
File: hpdftex.def 2020/01/14 v7.00d Hyperref driver for pdfTeX

(/usr/share/texlive/texmf-dist/tex/latex/atveryend/atveryend.sty
Package: atveryend 2019-12-11 v1.11 Hooks at the very end of document (HO)
Package atveryend Info: \enddocument detected (standard20110627).
)
\Fld@listcount=\count280
\c@bookmark@seq@number=\count281

(/usr/share/texlive/texmf-dist/tex/latex/rerunfilecheck/rerunfilecheck.sty
Package: rerunfilecheck 2019/12/05 v1.9 Rerun checks for auxiliary files (HO)

(/usr/share/texlive/texmf-dist/tex/generic/uniquecounter/uniquecounter.sty
Package: uniquecounter 2019/12/15 v1.4 Provide unlimited unique counter (HO)
)
Package uniquecounter Info: New unique counter `rerunfilecheck' on input line 2
86.
)
\Hy@SectionHShift=\skip61
)
(/usr/share/texlive/texmf-dist/tex/latex/l3backend/l3backend-pdfmode.def
File: l3backend-pdfmode.def 2020-02-03 L3 backend support: PDF mode
\l__kernel_color_stack_int=\count282
\l__pdf_internal_box=\box56
)
(./ManuScript.aux)
\openout1 = `ManuScript.aux'.

LaTeX Font Info:    Checking defaults for OML/cmm/m/it on input line 13.
LaTeX Font Info:    ... okay on input line 13.
LaTeX Font Info:    Checking defaults for OMS/cmsy/m/n on input line 13.
LaTeX Font Info:    ... okay on input line 13.
LaTeX Font Info:    Checking defaults for OT1/cmr/m/n on input line 13.
LaTeX Font Info:    ... okay on input line 13.
LaTeX Font Info:    Checking defaults for T1/cmr/m/n on input line 13.
LaTeX Font Info:    ... okay on input line 13.
LaTeX Font Info:    Checking defaults for TS1/cmr/m/n on input line 13.
LaTeX Font Info:    ... okay on input line 13.
LaTeX Font Info:    Checking defaults for OMX/cmex/m/n on input line 13.
LaTeX Font Info:    ... okay on input line 13.
LaTeX Font Info:    Checking defaults for U/cmr/m/n on input line 13.
LaTeX Font Info:    ... okay on input line 13.
LaTeX Font Info:    Checking defaults for PD1/pdf/m/n on input line 13.
LaTeX Font Info:    ... okay on input line 13.

-- Lines per column: 56 (exact).
LaTeX Font Info:    Trying to load font information for T1+ptm on input line 13
.
(/usr/share/texlive/texmf-dist/tex/latex/psnfss/t1ptm.fd
File: t1ptm.fd 2001/06/04 font definitions for T1/ptm.
)

LaTeX Font Warning: Font shape `T1/ptm/n/n' undefined
(Font)              using `T1/ptm/m/n' instead on input line 13.

(/usr/share/texlive/texmf-dist/tex/context/base/mkii/supp-pdf.mkii
[Loading MPS to PDF converter (version 2006.09.02).]
\scratchcounter=\count283
\scratchdimen=\dimen180
\scratchbox=\box57
\nofMPsegments=\count284
\nofMParguments=\count285
\everyMPshowfont=\toks24
\MPscratchCnt=\count286
\MPscratchDim=\dimen181
\MPnumerator=\count287
\makeMPintoPDFobject=\count288
\everyMPtoPDFconversion=\toks25
) (/usr/share/texlive/texmf-dist/tex/latex/epstopdf-pkg/epstopdf-base.sty
Package: epstopdf-base 2020-01-24 v2.11 Base part for package epstopdf
Package epstopdf-base Info: Redefining graphics rule for `.eps' on input line 4
85.

(/usr/share/texlive/texmf-dist/tex/latex/latexconfig/epstopdf-sys.cfg
File: epstopdf-sys.cfg 2010/07/13 v1.3 Configuration of (r)epstopdf for TeX Liv
e
))
\AtBeginShipoutBox=\box58
Package hyperref Info: Link coloring OFF on input line 13.

(/usr/share/texlive/texmf-dist/tex/latex/hyperref/nameref.sty
Package: nameref 2019/09/16 v2.46 Cross-referencing by name of section

(/usr/share/texlive/texmf-dist/tex/latex/refcount/refcount.sty
Package: refcount 2019/12/15 v3.6 Data extraction from label references (HO)
)
(/usr/share/texlive/texmf-dist/tex/generic/gettitlestring/gettitlestring.sty
Package: gettitlestring 2019/12/15 v1.6 Cleanup title references (HO)
)
\c@section@level=\count289
)
LaTeX Info: Redefining \ref on input line 13.
LaTeX Info: Redefining \pageref on input line 13.
LaTeX Info: Redefining \nameref on input line 13.

(./ManuScript.out) (./ManuScript.out)
\@outlinefile=\write3
\openout3 = `ManuScript.out'.

<bullet.png, id=87, 12.045pt x 35.38219pt>
File: bullet.png Graphic file (type png)
<use bullet.png>
Package pdftex.def Info: bullet.png  used on input line 41.
(pdftex.def)             Requested size: 5.0pt x 14.6871pt.
LaTeX Font Info:    Trying to load font information for T1+phv on input line 41
.

(/usr/share/texlive/texmf-dist/tex/latex/psnfss/t1phv.fd
File: t1phv.fd 2001/06/04 scalable font definitions for T1/phv.
)

LaTeX Font Warning: Font shape `T1/phv/n/n' undefined
(Font)              using `T1/phv/m/n' instead on input line 41.

File: bullet.png Graphic file (type png)
<use bullet.png>
Package pdftex.def Info: bullet.png  used on input line 45.
(pdftex.def)             Requested size: 5.0pt x 14.6871pt.
LaTeX Font Info:    Calculating math sizes for size <9.9> on input line 52.
LaTeX Font Info:    Trying to load font information for U+msa on input line 52.

(/usr/share/texlive/texmf-dist/tex/latex/amsfonts/umsa.fd
File: umsa.fd 2013/01/14 v3.01 AMS symbols A
)
LaTeX Font Info:    Trying to load font information for U+msb on input line 52.


(/usr/share/texlive/texmf-dist/tex/latex/amsfonts/umsb.fd
File: umsb.fd 2013/01/14 v3.01 AMS symbols B
)
LaTeX Font Info:    Calculating math sizes for size <6.6> on input line 52.

Overfull \hbox (9.2679pt too wide) in paragraph at lines 52--52
[]  
 []


Overfull \hbox (9.2679pt too wide) in paragraph at lines 52--52
[]  
 []


Underfull \vbox (badness 10000) has occurred while \output is active []



LaTeX Warning: No positions in optional float specifier.
               Default added (so using `tbp') on input line 60.


Overfull \hbox (13.30809pt too wide) in paragraph at lines 64--86
 [][] 
 []


Underfull \vbox (badness 10000) has occurred while \output is active []

<Logo.png, id=98, 206.27063pt x 53.44969pt>
File: Logo.png Graphic file (type png)
<use Logo.png>
Package pdftex.def Info: Logo.png  used on input line 95.
(pdftex.def)             Requested size: 91.32pt x 23.66309pt.

Overfull \hbox (505.12177pt too wide) has occurred while \output is active
[]
 []


Overfull \hbox (505.12177pt too wide) has occurred while \output is active
[]
 []


Overfull \hbox (505.12177pt too wide) has occurred while \output is active
[]
 []


Underfull \hbox (badness 10000) has occurred while \output is active
[]
 []

[1


 <./logo.png> <./bullet.png>]
<notaglineLogo.png, id=124, 169.38281pt x 42.91031pt>
File: notaglineLogo.png Graphic file (type png)
<use notaglineLogo.png>
Package pdftex.def Info: notaglineLogo.png  used on input line 111.
(pdftex.def)             Requested size: 91.32pt x 23.1352pt.

Overfull \hbox (505.12177pt too wide) has occurred while \output is active
[]
 []


Overfull \hbox (505.12177pt too wide) has occurred while \output is active
[]
 []


Underfull \hbox (badness 10000) has occurred while \output is active
[]
 []

[2 <./notaglinelogo.png>]
Package epstopdf Info: Source file: <methodology.eps>
(epstopdf)                    date: 2021-06-04 20:24:12
(epstopdf)                    size: 9646186 bytes
(epstopdf)             Output file: <methodology-eps-converted-to.pdf>
(epstopdf)                    date: 2021-06-05 13:15:35
(epstopdf)                    size: 240349 bytes
(epstopdf)             Command: <repstopdf --outfile=methodology-eps-converted-
to.pdf methodology.eps>
(epstopdf)             \includegraphics on input line 118.
Package epstopdf Info: Output file is already uptodate.


pdfTeX warning: /usr/bin/pdflatex (file ./methodology-eps-converted-to.pdf): PD
F inclusion: found PDF version <1.7>, but at most version <1.5> allowed
<methodology-eps-converted-to.pdf, id=141, 767.86874pt x 393.47pt>
File: methodology-eps-converted-to.pdf Graphic file (type pdf)
<use methodology-eps-converted-to.pdf>
Package pdftex.def Info: methodology-eps-converted-to.pdf  used on input line 1
18.
(pdftex.def)             Requested size: 460.7248pt x 236.0838pt.
File: notaglineLogo.png Graphic file (type png)
<use notaglineLogo.png>
Package pdftex.def Info: notaglineLogo.png  used on input line 133.
(pdftex.def)             Requested size: 91.32pt x 23.1352pt.

Overfull \hbox (505.12177pt too wide) has occurred while \output is active
[]
 []


Overfull \hbox (505.12177pt too wide) has occurred while \output is active
[]
 []


Underfull \hbox (badness 10000) has occurred while \output is active
[]
 []

[3]
Package epstopdf Info: Source file: <schemas.eps>
(epstopdf)                    date: 2021-06-03 15:54:16
(epstopdf)                    size: 2806060 bytes
(epstopdf)             Output file: <schemas-eps-converted-to.pdf>
(epstopdf)                    date: 2021-06-05 13:15:35
(epstopdf)                    size: 345868 bytes
(epstopdf)             Command: <repstopdf --outfile=schemas-eps-converted-to.p
df schemas.eps>
(epstopdf)             \includegraphics on input line 137.
Package epstopdf Info: Output file is already uptodate.


pdfTeX warning: /usr/bin/pdflatex (file ./schemas-eps-converted-to.pdf): PDF in
clusion: found PDF version <1.7>, but at most version <1.5> allowed
<schemas-eps-converted-to.pdf, id=165, 961.5925pt x 515.9275pt>
File: schemas-eps-converted-to.pdf Graphic file (type pdf)
<use schemas-eps-converted-to.pdf>
Package pdftex.def Info: schemas-eps-converted-to.pdf  used on input line 137.
(pdftex.def)             Requested size: 509.6416pt x 273.44026pt.

Overfull \hbox (4.51984pt too wide) in paragraph at lines 137--138
 [][] 
 []


Underfull \vbox (badness 10000) has occurred while \output is active []


Underfull \vbox (badness 1092) has occurred while \output is active []

File: notaglineLogo.png Graphic file (type png)
<use notaglineLogo.png>
Package pdftex.def Info: notaglineLogo.png  used on input line 155.
(pdftex.def)             Requested size: 91.32pt x 23.1352pt.

Overfull \hbox (505.12177pt too wide) has occurred while \output is active
[]
 []


Overfull \hbox (505.12177pt too wide) has occurred while \output is active
[]
 []


Underfull \hbox (badness 10000) has occurred while \output is active
[]
 []

[4 <./methodology-eps-converted-to.pdf>]
Package epstopdf Info: Source file: <suffixAttribute.eps>
(epstopdf)                    date: 2021-06-04 20:24:12
(epstopdf)                    size: 2411038 bytes
(epstopdf)             Output file: <suffixAttribute-eps-converted-to.pdf>
(epstopdf)                    date: 2021-06-05 13:15:35
(epstopdf)                    size: 255901 bytes
(epstopdf)             Command: <repstopdf --outfile=suffixAttribute-eps-conver
ted-to.pdf suffixAttribute.eps>
(epstopdf)             \includegraphics on input line 159.
Package epstopdf Info: Output file is already uptodate.


pdfTeX warning: /usr/bin/pdflatex (file ./suffixAttribute-eps-converted-to.pdf)
: PDF inclusion: found PDF version <1.7>, but at most version <1.5> allowed
<suffixAttribute-eps-converted-to.pdf, id=302, 359.3425pt x 451.6875pt>
File: suffixAttribute-eps-converted-to.pdf Graphic file (type pdf)
<use suffixAttribute-eps-converted-to.pdf>
Package pdftex.def Info: suffixAttribute-eps-converted-to.pdf  used on input li
ne 159.
(pdftex.def)             Requested size: 233.56985pt x 293.59338pt.

Underfull \hbox (badness 1466) in paragraph at lines 165--167
\T1/ptm/n/n/10 Start-Date''. ``dis-ease-Name-On-Ad-mis-sion'', and ``Ad-mis-sio
-
 []


Underfull \vbox (badness 10000) has occurred while \output is active []



LaTeX Warning: Text page 5 contains only floats.

File: notaglineLogo.png Graphic file (type png)
<use notaglineLogo.png>
Package pdftex.def Info: notaglineLogo.png  used on input line 167.
(pdftex.def)             Requested size: 91.32pt x 23.1352pt.

Overfull \hbox (505.12177pt too wide) has occurred while \output is active
[]
 []


Overfull \hbox (505.12177pt too wide) has occurred while \output is active
[]
 []


Underfull \hbox (badness 10000) has occurred while \output is active
[]
 []

[5 <./schemas-eps-converted-to.pdf> <./suffixAttribute-eps-converted-to.pdf>]

LaTeX Warning: No positions in optional float specifier.
               Default added (so using `tbp') on input line 168.


Overfull \hbox (12.0pt too wide) in paragraph at lines 172--177
 [][] 
 []


Underfull \hbox (badness 10000) in paragraph at lines 198--202
\T1/ptm/n/n/10 base-nli-stsb-mean-tokens'', ``roberta-large-nli-stsb-mean-
 []


Underfull \hbox (badness 5578) in paragraph at lines 198--202
\T1/ptm/n/n/10 nli-mean-tokens'', ``bert-large-nli-mean-tokens'', ``roberta-
 []

File: notaglineLogo.png Graphic file (type png)
<use notaglineLogo.png>
Package pdftex.def Info: notaglineLogo.png  used on input line 202.
(pdftex.def)             Requested size: 91.32pt x 23.1352pt.

Overfull \hbox (505.12177pt too wide) has occurred while \output is active
[]
 []


Overfull \hbox (505.12177pt too wide) has occurred while \output is active
[]
 []


Underfull \hbox (badness 10000) has occurred while \output is active
[]
 []

[6]
Package epstopdf Info: Source file: <kappaInterAnnotatorAgrement.eps>
(epstopdf)                    date: 2021-06-03 16:00:54
(epstopdf)                    size: 335280 bytes
(epstopdf)             Output file: <kappaInterAnnotatorAgrement-eps-converted-
to.pdf>
(epstopdf)                    date: 2021-06-05 13:15:35
(epstopdf)                    size: 22060 bytes
(epstopdf)             Command: <repstopdf --outfile=kappaInterAnnotatorAgremen
t-eps-converted-to.pdf kappaInterAnnotatorAgrement.eps>
(epstopdf)             \includegraphics on input line 210.
Package epstopdf Info: Output file is already uptodate.


pdfTeX warning: /usr/bin/pdflatex (file ./kappaInterAnnotatorAgrement-eps-conve
rted-to.pdf): PDF inclusion: found PDF version <1.7>, but at most version <1.5>
 allowed
<kappaInterAnnotatorAgrement-eps-converted-to.pdf, id=491, 378.41376pt x 215.80
624pt>
File: kappaInterAnnotatorAgrement-eps-converted-to.pdf Graphic file (type pdf)
<use kappaInterAnnotatorAgrement-eps-converted-to.pdf>
Package pdftex.def Info: kappaInterAnnotatorAgrement-eps-converted-to.pdf  used
 on input line 210.
(pdftex.def)             Requested size: 242.67355pt x 138.39542pt.

Underfull \hbox (badness 10000) in paragraph at lines 216--216
[][][][][]$\T1/ptm/m/n/8 https : / / github . com / desertzebra / EMR-[]Interop
erability / tree / master /
 []

Package epstopdf Info: Source file: <thresholdSelection.eps>
(epstopdf)                    date: 2021-06-03 19:52:44
(epstopdf)                    size: 4937316 bytes
(epstopdf)             Output file: <thresholdSelection-eps-converted-to.pdf>
(epstopdf)                    date: 2021-06-05 13:15:35
(epstopdf)                    size: 109558 bytes
(epstopdf)             Command: <repstopdf --outfile=thresholdSelection-eps-con
verted-to.pdf thresholdSelection.eps>
(epstopdf)             \includegraphics on input line 239.
Package epstopdf Info: Output file is already uptodate.


pdfTeX warning: /usr/bin/pdflatex (file ./thresholdSelection-eps-converted-to.p
df): PDF inclusion: found PDF version <1.7>, but at most version <1.5> allowed
<thresholdSelection-eps-converted-to.pdf, id=496, 556.0775pt x 336.25626pt>
File: thresholdSelection-eps-converted-to.pdf Graphic file (type pdf)
<use thresholdSelection-eps-converted-to.pdf>
Package pdftex.def Info: thresholdSelection-eps-converted-to.pdf  used on input
 line 239.
(pdftex.def)             Requested size: 461.5442pt x 279.09262pt.
File: notaglineLogo.png Graphic file (type png)
<use notaglineLogo.png>
Package pdftex.def Info: notaglineLogo.png  used on input line 248.
(pdftex.def)             Requested size: 91.32pt x 23.1352pt.

Overfull \hbox (505.12177pt too wide) has occurred while \output is active
[]
 []


Overfull \hbox (505.12177pt too wide) has occurred while \output is active
[]
 []


Underfull \hbox (badness 10000) has occurred while \output is active
[]
 []

[7 <./kappaInterAnnotatorAgrement-eps-converted-to.pdf>]

LaTeX Warning: `!h' float specifier changed to `!ht'.

File: notaglineLogo.png Graphic file (type png)
<use notaglineLogo.png>
Package pdftex.def Info: notaglineLogo.png  used on input line 301.
(pdftex.def)             Requested size: 91.32pt x 23.1352pt.

Overfull \hbox (505.12177pt too wide) has occurred while \output is active
[]
 []


Overfull \hbox (505.12177pt too wide) has occurred while \output is active
[]
 []


Underfull \hbox (badness 10000) has occurred while \output is active
[]
 []

[8 <./thresholdSelection-eps-converted-to.pdf>]
Underfull \hbox (badness 3118) in paragraph at lines 302--303
\T1/ptm/n/n/10 in-di-cate ran-dom clas-si-fi-ca-tion, while $\OML/cmm/m/it/10 ^
^T$ \T1/ptm/n/n/10 score be-tween
 []


Underfull \vbox (badness 1259) has occurred while \output is active []

Package epstopdf Info: Source file: <evaluation.eps>
(epstopdf)                    date: 2021-06-03 20:56:26
(epstopdf)                    size: 3535918 bytes
(epstopdf)             Output file: <evaluation-eps-converted-to.pdf>
(epstopdf)                    date: 2021-06-05 13:15:35
(epstopdf)                    size: 110131 bytes
(epstopdf)             Command: <repstopdf --outfile=evaluation-eps-converted-t
o.pdf evaluation.eps>
(epstopdf)             \includegraphics on input line 306.
Package epstopdf Info: Output file is already uptodate.


pdfTeX warning: /usr/bin/pdflatex (file ./evaluation-eps-converted-to.pdf): PDF
 inclusion: found PDF version <1.7>, but at most version <1.5> allowed
<evaluation-eps-converted-to.pdf, id=544, 559.08875pt x 305.14pt>
File: evaluation-eps-converted-to.pdf Graphic file (type pdf)
<use evaluation-eps-converted-to.pdf>
Package pdftex.def Info: evaluation-eps-converted-to.pdf  used on input line 30
6.
(pdftex.def)             Requested size: 464.04353pt x 253.26611pt.
File: notaglineLogo.png Graphic file (type png)
<use notaglineLogo.png>
Package pdftex.def Info: notaglineLogo.png  used on input line 314.
(pdftex.def)             Requested size: 91.32pt x 23.1352pt.

Overfull \hbox (505.12177pt too wide) has occurred while \output is active
[]
 []


Overfull \hbox (505.12177pt too wide) has occurred while \output is active
[]
 []


Underfull \hbox (badness 10000) has occurred while \output is active
[]
 []

[9]
Underfull \vbox (badness 10000) has occurred while \output is active []


Underfull \hbox (badness 1668) in paragraph at lines 320--321
[]\T1/ptm/n/n/10 A com-pre-hen-sive sur-vey from 176 ex-perts in-clud-ing
 []

File: notaglineLogo.png Graphic file (type png)
<use notaglineLogo.png>
Package pdftex.def Info: notaglineLogo.png  used on input line 326.
(pdftex.def)             Requested size: 91.32pt x 23.1352pt.

Overfull \hbox (505.12177pt too wide) has occurred while \output is active
[]
 []


Overfull \hbox (505.12177pt too wide) has occurred while \output is active
[]
 []


Underfull \hbox (badness 10000) has occurred while \output is active
[]
 []

[10 <./evaluation-eps-converted-to.pdf>] (./ManuScript.bbl
Underfull \hbox (badness 2221) in paragraph at lines 41--44
[]\T1/ptm/n/n/7.61 David John-son.  Clin-i-cal In-for-ma-tion Mod-el-ing Ini-ti
a-tive (CIMI).
 []


Underfull \hbox (badness 3460) in paragraph at lines 59--64
[]\T1/ptm/n/n/7.61 Kenji Nozaki, Teruhisa Hochin, and Hi-roki Nomiya.  Se-man-t
ic
 []


Underfull \hbox (badness 3138) in paragraph at lines 169--173
[]\T1/ptm/n/n/7.61 Dennis Rei-dsma and Rieks op den Akker.  Ex-ploit-ing `sub-j
ec-
 []

File: notaglineLogo.png Graphic file (type png)
<use notaglineLogo.png>
Package pdftex.def Info: notaglineLogo.png  used on input line 200.
(pdftex.def)             Requested size: 91.32pt x 23.1352pt.

Overfull \hbox (505.12177pt too wide) has occurred while \output is active
[]
 []


Overfull \hbox (505.12177pt too wide) has occurred while \output is active
[]
 []


Underfull \hbox (badness 10000) has occurred while \output is active
[]
 []

[11])

Package hyperref Warning: The anchor of a bookmark and its parent's must not
(hyperref)                be the same. Added a new anchor on input line 335.

<fahad.jpg, id=588, 633.36626pt x 918.43124pt>
File: fahad.jpg Graphic file (type jpg)
<use fahad.jpg>
Package pdftex.def Info: fahad.jpg  used on input line 335.
(pdftex.def)             Requested size: 62.29657pt x 90.33498pt.
File: fahad.jpg Graphic file (type jpg)
<use fahad.jpg>
Package pdftex.def Info: fahad.jpg  used on input line 335.
(pdftex.def)             Requested size: 62.29657pt x 90.33498pt.
<musarrat.jpg, id=591, 381.425pt x 529.98pt>
File: musarrat.jpg Graphic file (type jpg)
<use musarrat.jpg>
Package pdftex.def Info: musarrat.jpg  used on input line 338.
(pdftex.def)             Requested size: 65.01016pt x 90.32991pt.
File: musarrat.jpg Graphic file (type jpg)
<use musarrat.jpg>
Package pdftex.def Info: musarrat.jpg  used on input line 338.
(pdftex.def)             Requested size: 65.01016pt x 90.32991pt.

Underfull \hbox (badness 2626) in paragraph at lines 338--339
\T1/ptm/n/n/8 tional Uni-ver-sity of Sci-ence and Tech-nol-ogy
 []

<jamil.jpg, id=594, 144.54pt x 216.81pt>
File: jamil.jpg Graphic file (type jpg)
<use jamil.jpg>
Package pdftex.def Info: jamil.jpg  used on input line 341.
(pdftex.def)             Requested size: 60.22557pt x 90.33838pt.
File: jamil.jpg Graphic file (type jpg)
<use jamil.jpg>
Package pdftex.def Info: jamil.jpg  used on input line 341.
(pdftex.def)             Requested size: 60.22557pt x 90.33838pt.
<imran.jpg, id=597, 130.23656pt x 173.89969pt>
File: imran.jpg Graphic file (type jpg)
<use imran.jpg>
Package pdftex.def Info: imran.jpg  used on input line 344.
(pdftex.def)             Requested size: 67.65384pt x 90.33546pt.
File: imran.jpg Graphic file (type jpg)
<use imran.jpg>
Package pdftex.def Info: imran.jpg  used on input line 344.
(pdftex.def)             Requested size: 67.65384pt x 90.33546pt.
<taqdir.jpg, id=600, 93.951pt x 122.859pt>
File: taqdir.jpg Graphic file (type jpg)
<use taqdir.jpg>
Package pdftex.def Info: taqdir.jpg  used on input line 347.
(pdftex.def)             Requested size: 69.0854pt x 90.34244pt.
File: taqdir.jpg Graphic file (type jpg)
<use taqdir.jpg>
Package pdftex.def Info: taqdir.jpg  used on input line 347.
(pdftex.def)             Requested size: 69.0854pt x 90.34244pt.
<bilal.jpg, id=603, 427.1157pt x 517.4532pt>
File: bilal.jpg Graphic file (type jpg)
<use bilal.jpg>
Package pdftex.def Info: bilal.jpg  used on input line 350.
(pdftex.def)             Requested size: 72.2698pt x 87.5553pt.
File: bilal.jpg Graphic file (type jpg)
<use bilal.jpg>
Package pdftex.def Info: bilal.jpg  used on input line 350.
(pdftex.def)             Requested size: 72.2698pt x 87.5553pt.
<prof_tcc.jpg, id=606, 225.84375pt x 282.30469pt>
File: prof_tcc.jpg Graphic file (type jpg)
<use prof_tcc.jpg>
Package pdftex.def Info: prof_tcc.jpg  used on input line 352.
(pdftex.def)             Requested size: 72.27147pt x 90.33934pt.
File: prof_tcc.jpg Graphic file (type jpg)
<use prof_tcc.jpg>
Package pdftex.def Info: prof_tcc.jpg  used on input line 352.
(pdftex.def)             Requested size: 72.27147pt x 90.33934pt.
<prof_sylee.png, id=609, 99.37125pt x 121.20282pt>
File: prof_sylee.png Graphic file (type png)
<use prof_sylee.png>
Package pdftex.def Info: prof_sylee.png  used on input line 355.
(pdftex.def)             Requested size: 72.27202pt x 88.14996pt.
File: prof_sylee.png Graphic file (type png)
<use prof_sylee.png>
Package pdftex.def Info: prof_sylee.png  used on input line 355.
(pdftex.def)             Requested size: 72.27202pt x 88.14996pt.

Underfull \hbox (badness 1867) in paragraph at lines 355--356
[]\T1/phv/m/n/8 SUNGYOUNG LEE \T1/ptm/n/n/8 re-ceived the B.S.degree
 []

File: bullet.png Graphic file (type png)
<use bullet.png>
Package pdftex.def Info: bullet.png  used on input line 358.
(pdftex.def)             Requested size: 5.0pt x 14.6871pt.
Package atveryend Info: Empty hook `BeforeClearDocument' on input line 360.
File: notaglineLogo.png Graphic file (type png)
<use notaglineLogo.png>
Package pdftex.def Info: notaglineLogo.png  used on input line 360.
(pdftex.def)             Requested size: 91.32pt x 23.1352pt.

Overfull \hbox (505.12177pt too wide) has occurred while \output is active
[]
 []


Overfull \hbox (505.12177pt too wide) has occurred while \output is active
[]
 []


Underfull \hbox (badness 10000) has occurred while \output is active
[]
 []

[12 <./fahad.jpg> <./musarrat.jpg> <./jamil.jpg> <./imran.jpg> <./taqdir.jpg> <
./bilal.jpg> <./prof_tcc.jpg> <./prof_sylee.png>]
Package atveryend Info: Empty hook `AfterLastShipout' on input line 360.
 (./ManuScript.aux)
Package atveryend Info: Executing hook `AtVeryEndDocument' on input line 360.
Package atveryend Info: Executing hook `AtEndAfterFileList' on input line 360.
Package rerunfilecheck Info: File `ManuScript.out' has not changed.
(rerunfilecheck)             Checksum: 828B3D6A4592E65FB356C3EED1172C4B;1298.


LaTeX Font Warning: Some font shapes were not available, defaults substituted.

Package atveryend Info: Empty hook `AtVeryVeryEnd' on input line 360.
 ) 
Here is how much of TeX's memory you used:
 8435 strings out of 483107
 128044 string characters out of 5964630
 417849 words of memory out of 5000000
 23165 multiletter control sequences out of 15000+600000
 632407 words of font info for 153 fonts, out of 8000000 for 9000
 59 hyphenation exceptions out of 8191
 38i,12n,53p,2213b,509s stack positions out of 5000i,500n,10000p,200000b,80000s
pdfTeX warning (dest): name{section*.2} has been referenced but does not exis
t, replaced by a fixed one

{/usr/share/texlive/texmf-dist/fonts/enc/dvips/base/8r.enc}</usr/share/texlive/
texmf-dist/fonts/type1/public/amsfonts/cm/cmmi10.pfb></usr/share/texlive/texmf-
dist/fonts/type1/public/amsfonts/cm/cmmi5.pfb></usr/share/texlive/texmf-dist/fo
nts/type1/public/amsfonts/cm/cmmi6.pfb></usr/share/texlive/texmf-dist/fonts/typ
e1/public/amsfonts/cm/cmmi7.pfb></usr/share/texlive/texmf-dist/fonts/type1/publ
ic/amsfonts/cm/cmmi8.pfb></usr/share/texlive/texmf-dist/fonts/type1/public/amsf
onts/cm/cmr10.pfb></usr/share/texlive/texmf-dist/fonts/type1/public/amsfonts/cm
/cmr5.pfb></usr/share/texlive/texmf-dist/fonts/type1/public/amsfonts/cm/cmr6.pf
b></usr/share/texlive/texmf-dist/fonts/type1/public/amsfonts/cm/cmr7.pfb></usr/
share/texlive/texmf-dist/fonts/type1/public/amsfonts/cm/cmsy10.pfb></usr/share/
texlive/texmf-dist/fonts/type1/public/amsfonts/cm/cmsy7.pfb></usr/share/texlive
/texmf-dist/fonts/type1/urw/helvetic/uhvb8a.pfb></usr/share/texlive/texmf-dist/
fonts/type1/urw/helvetic/uhvbo8a.pfb></usr/share/texlive/texmf-dist/fonts/type1
/urw/helvetic/uhvr8a.pfb></usr/share/texlive/texmf-dist/fonts/type1/urw/helveti
c/uhvro8a.pfb></usr/share/texlive/texmf-dist/fonts/type1/urw/times/utmb8a.pfb><
/usr/share/texlive/texmf-dist/fonts/type1/urw/times/utmr8a.pfb></usr/share/texl
ive/texmf-dist/fonts/type1/urw/times/utmri8a.pfb>
Output written on ManuScript.pdf (12 pages, 2249113 bytes).
PDF statistics:
 704 PDF objects out of 1000 (max. 8388607)
 391 compressed objects within 4 object streams
 77 named destinations out of 1000 (max. 500000)
 366 words of extra memory for PDF output out of 10000 (max. 10000000)

