\BOOKMARK [1][-]{section.1}{\376\377\000I\000n\000t\000r\000o\000d\000u\000c\000t\000i\000o\000n}{}% 1
\BOOKMARK [1][-]{section.2}{\376\377\000R\000e\000l\000a\000t\000e\000d\000\040\000W\000o\000r\000k}{}% 2
\BOOKMARK [1][-]{section.3}{\376\377\000M\000e\000t\000h\000o\000d\000o\000l\000o\000g\000y}{}% 3
\BOOKMARK [2][-]{subsection.3.1}{\376\377\000S\000c\000h\000e\000m\000a\000\040\000a\000c\000q\000u\000i\000s\000i\000t\000i\000o\000n}{section.3}% 4
\BOOKMARK [2][-]{subsection.3.2}{\376\377\000A\000t\000t\000r\000i\000b\000u\000t\000e\000\040\000t\000o\000\040\000S\000e\000n\000t\000e\000n\000c\000e\000\040\000T\000r\000a\000n\000s\000f\000o\000r\000m\000a\000t\000i\000o\000n}{section.3}% 5
\BOOKMARK [2][-]{subsection.3.3}{\376\377\000S\000c\000h\000e\000m\000a\000\040\000M\000a\000p\000\040\000g\000e\000n\000e\000r\000a\000t\000i\000o\000n}{section.3}% 6
\BOOKMARK [1][-]{section.4}{\376\377\000E\000x\000p\000e\000r\000i\000m\000e\000n\000t\000a\000l\000\040\000S\000e\000t\000u\000p}{}% 7
\BOOKMARK [1][-]{section.5}{\376\377\000R\000e\000s\000u\000l\000t\000s}{}% 8
\BOOKMARK [2][-]{subsection.5.1}{\376\377\000D\000a\000t\000a\000s\000e\000t\000\040\000A\000n\000n\000o\000t\000a\000t\000i\000o\000n}{section.5}% 9
\BOOKMARK [2][-]{subsection.5.2}{\376\377\000T\000h\000r\000e\000s\000h\000o\000l\000d\000\040\000S\000e\000l\000e\000c\000t\000i\000o\000n}{section.5}% 10
\BOOKMARK [2][-]{subsection.5.3}{\376\377\000M\000o\000d\000e\000l\000\040\000E\000v\000a\000l\000u\000a\000t\000i\000o\000n}{section.5}% 11
\BOOKMARK [1][-]{section.6}{\376\377\000D\000i\000s\000c\000u\000s\000s\000i\000o\000n}{}% 12
\BOOKMARK [1][-]{section.7}{\376\377\000C\000o\000n\000c\000l\000u\000s\000i\000o\000n}{}% 13
\BOOKMARK [1][-]{section*.2}{\376\377\000R\000E\000F\000E\000R\000E\000N\000C\000E\000S}{}% 14
\BOOKMARK [2][-]{section*.3}{\376\377\000F\000a\000h\000a\000d\000\040\000A\000h\000m\000e\000d\000\040\000S\000a\000t\000t\000i}{section*.2}% 15
\BOOKMARK [2][-]{section*.3}{\376\377\000M\000u\000s\000a\000r\000r\000a\000t\000\040\000H\000u\000s\000s\000a\000i\000n}{section*.2}% 16
\BOOKMARK [2][-]{section*.3}{\376\377\000J\000a\000m\000i\000l\000\040\000H\000u\000s\000s\000a\000i\000n}{section*.2}% 17
\BOOKMARK [2][-]{section*.3}{\376\377\000S\000y\000e\000d\000\040\000I\000m\000r\000a\000n\000\040\000A\000l\000i}{section*.2}% 18
\BOOKMARK [2][-]{section*.3}{\376\377\000T\000a\000q\000d\000i\000r\000\040\000A\000l\000i}{section*.2}% 19
\BOOKMARK [2][-]{section*.3}{\376\377\000H\000a\000f\000i\000z\000\040\000S\000y\000e\000d\000\040\000M\000u\000h\000a\000m\000m\000a\000d\000\040\000B\000i\000l\000a\000l}{section*.2}% 20
\BOOKMARK [2][-]{section*.3}{\376\377\000T\000a\000e\000-\000C\000h\000o\000o\000n\000g\000\040\000C\000h\000u\000n\000g}{section*.2}% 21
\BOOKMARK [2][-]{section*.3}{\376\377\000S\000u\000n\000g\000y\000o\000u\000n\000g\000\040\000L\000e\000e}{section*.2}% 22
