This is pdfTeX, Version 3.141592653-2.6-1.40.22 (MiKTeX 21.2) (preloaded format=pdflatex 2021.3.1)  5 JUN 2021 13:49
entering extended mode
**./ManuScript.tex
(ManuScript.tex
LaTeX2e <2020-10-01> patch level 4
L3 programming layer <2021-02-18> xparse <2020-03-03> (ieeeaccess.cls
(IEEEtran.cls
Document Class: IEEEtran 2015/08/26 V1.8b by Michael Shell
-- See the "IEEEtran_HOWTO" manual for usage information.
-- http://www.michaelshell.org/tex/ieeetran/
\@IEEEtrantmpdimenA=\dimen138
\@IEEEtrantmpdimenB=\dimen139
\@IEEEtrantmpdimenC=\dimen140
\@IEEEtrantmpcountA=\count179
\@IEEEtrantmpcountB=\count180
\@IEEEtrantmpcountC=\count181
\@IEEEtrantmptoksA=\toks15
LaTeX Font Info:    Trying to load font information for OT1+ptm on input line 5
03.

(C:\Users\Musarrat Hussain\AppData\Local\Programs\MiKTeX\tex/latex/psnfss\ot1pt
m.fd
File: ot1ptm.fd 2001/06/04 font definitions for OT1/ptm.
)
-- Using 8.5in x 11in (letter) paper.
-- Using PDF output.
\@IEEEnormalsizeunitybaselineskip=\dimen141
-- This is a 10 point document.
\CLASSINFOnormalsizebaselineskip=\dimen142
\CLASSINFOnormalsizeunitybaselineskip=\dimen143
\IEEEnormaljot=\dimen144
LaTeX Font Info:    Font shape `OT1/ptm/bx/n' in size <5> not available
(Font)              Font shape `OT1/ptm/b/n' tried instead on input line 1090.
LaTeX Font Info:    Font shape `OT1/ptm/bx/it' in size <5> not available
(Font)              Font shape `OT1/ptm/b/it' tried instead on input line 1090.

LaTeX Font Info:    Font shape `OT1/ptm/bx/n' in size <7> not available
(Font)              Font shape `OT1/ptm/b/n' tried instead on input line 1090.
LaTeX Font Info:    Font shape `OT1/ptm/bx/it' in size <7> not available
(Font)              Font shape `OT1/ptm/b/it' tried instead on input line 1090.

LaTeX Font Info:    Font shape `OT1/ptm/bx/n' in size <8> not available
(Font)              Font shape `OT1/ptm/b/n' tried instead on input line 1090.
LaTeX Font Info:    Font shape `OT1/ptm/bx/it' in size <8> not available
(Font)              Font shape `OT1/ptm/b/it' tried instead on input line 1090.

LaTeX Font Info:    Font shape `OT1/ptm/bx/n' in size <9> not available
(Font)              Font shape `OT1/ptm/b/n' tried instead on input line 1090.
LaTeX Font Info:    Font shape `OT1/ptm/bx/it' in size <9> not available
(Font)              Font shape `OT1/ptm/b/it' tried instead on input line 1090.

LaTeX Font Info:    Font shape `OT1/ptm/bx/n' in size <10> not available
(Font)              Font shape `OT1/ptm/b/n' tried instead on input line 1090.
LaTeX Font Info:    Font shape `OT1/ptm/bx/it' in size <10> not available
(Font)              Font shape `OT1/ptm/b/it' tried instead on input line 1090.

LaTeX Font Info:    Font shape `OT1/ptm/bx/n' in size <11> not available
(Font)              Font shape `OT1/ptm/b/n' tried instead on input line 1090.
LaTeX Font Info:    Font shape `OT1/ptm/bx/it' in size <11> not available
(Font)              Font shape `OT1/ptm/b/it' tried instead on input line 1090.

LaTeX Font Info:    Font shape `OT1/ptm/bx/n' in size <12> not available
(Font)              Font shape `OT1/ptm/b/n' tried instead on input line 1090.
LaTeX Font Info:    Font shape `OT1/ptm/bx/it' in size <12> not available
(Font)              Font shape `OT1/ptm/b/it' tried instead on input line 1090.

LaTeX Font Info:    Font shape `OT1/ptm/bx/n' in size <17> not available
(Font)              Font shape `OT1/ptm/b/n' tried instead on input line 1090.
LaTeX Font Info:    Font shape `OT1/ptm/bx/it' in size <17> not available
(Font)              Font shape `OT1/ptm/b/it' tried instead on input line 1090.

LaTeX Font Info:    Font shape `OT1/ptm/bx/n' in size <20> not available
(Font)              Font shape `OT1/ptm/b/n' tried instead on input line 1090.
LaTeX Font Info:    Font shape `OT1/ptm/bx/it' in size <20> not available
(Font)              Font shape `OT1/ptm/b/it' tried instead on input line 1090.

LaTeX Font Info:    Font shape `OT1/ptm/bx/n' in size <24> not available
(Font)              Font shape `OT1/ptm/b/n' tried instead on input line 1090.
LaTeX Font Info:    Font shape `OT1/ptm/bx/it' in size <24> not available
(Font)              Font shape `OT1/ptm/b/it' tried instead on input line 1090.

\IEEEquantizedlength=\dimen145
\IEEEquantizedlengthdiff=\dimen146
\IEEEquantizedtextheightdiff=\dimen147
\IEEEilabelindentA=\dimen148
\IEEEilabelindentB=\dimen149
\IEEEilabelindent=\dimen150
\IEEEelabelindent=\dimen151
\IEEEdlabelindent=\dimen152
\IEEElabelindent=\dimen153
\IEEEiednormlabelsep=\dimen154
\IEEEiedmathlabelsep=\dimen155
\IEEEiedtopsep=\skip47
\c@section=\count182
\c@subsection=\count183
\c@subsubsection=\count184
\c@paragraph=\count185
\c@IEEEsubequation=\count186
\abovecaptionskip=\skip48
\belowcaptionskip=\skip49
\c@figure=\count187
\c@table=\count188
\@IEEEeqnnumcols=\count189
\@IEEEeqncolcnt=\count190
\@IEEEsubeqnnumrollback=\count191
\@IEEEquantizeheightA=\dimen156
\@IEEEquantizeheightB=\dimen157
\@IEEEquantizeheightC=\dimen158
\@IEEEquantizeprevdepth=\dimen159
\@IEEEquantizemultiple=\count192
\@IEEEquantizeboxA=\box47
\@IEEEtmpitemindent=\dimen160
\IEEEPARstartletwidth=\dimen161
\c@IEEEbiography=\count193
\@IEEEtranrubishbin=\box48
)
(C:\Users\Musarrat Hussain\AppData\Local\Programs\MiKTeX\tex/generic/iftex\ifpd
f.sty
Package: ifpdf 2019/10/25 v3.4 ifpdf legacy package. Use iftex instead.

(C:\Users\Musarrat Hussain\AppData\Local\Programs\MiKTeX\tex/generic/iftex\ifte
x.sty
Package: iftex 2020/03/06 v1.0d TeX engine tests
))
(C:\Users\Musarrat Hussain\AppData\Local\Programs\MiKTeX\tex/latex/xkeyval\xkey
val.sty
Package: xkeyval 2020/11/20 v2.8 package option processing (HA)

(C:\Users\Musarrat Hussain\AppData\Local\Programs\MiKTeX\tex/generic/xkeyval\xk
eyval.tex
(C:\Users\Musarrat Hussain\AppData\Local\Programs\MiKTeX\tex/generic/xkeyval\xk
vutils.tex
\XKV@toks=\toks16
\XKV@tempa@toks=\toks17

(C:\Users\Musarrat Hussain\AppData\Local\Programs\MiKTeX\tex/generic/xkeyval\ke
yval.tex))
\XKV@depth=\count194
File: xkeyval.tex 2014/12/03 v2.7a key=value parser (HA)
)){C:/Users/Musarrat Hussain/AppData/Local/MiKTeX/pdftex/config/pdftex.map}

pdfTeX warning: pdflatex.exe (file t1-times.map): cannot open font map file


pdfTeX warning: pdflatex.exe (file t1-formata.map): cannot open font map file


pdfTeX warning: pdflatex.exe (file t1-giovannistd.map): cannot open font map fi
le
\@draftversionrule=\dimen162

(C:\Users\Musarrat Hussain\AppData\Local\Programs\MiKTeX\tex/latex/graphics\col
or.sty
Package: color 2020/02/24 v1.2b Standard LaTeX Color (DPC)

(C:\Users\Musarrat Hussain\AppData\Local\Programs\MiKTeX\tex/latex/graphics-cfg
\color.cfg
File: color.cfg 2016/01/02 v1.6 sample color configuration
)
Package color Info: Driver file: pdftex.def on input line 147.

(C:\Users\Musarrat Hussain\AppData\Local\Programs\MiKTeX\tex/latex/graphics-def
\pdftex.def
File: pdftex.def 2020/10/05 v1.2a Graphics/color driver for pdftex
))
(C:\Users\Musarrat Hussain\AppData\Local\Programs\MiKTeX\tex/latex/spotcolor\sp
otcolor.sty
Package: spotcolor 2006/11/15 v1.2 Package for adding Spot Color support to pdf
LaTeX.

(C:\Users\Musarrat Hussain\AppData\Local\Programs\MiKTeX\tex/latex/graphics\gra
phics.sty
Package: graphics 2020/08/30 v1.4c Standard LaTeX Graphics (DPC,SPQR)

(C:\Users\Musarrat Hussain\AppData\Local\Programs\MiKTeX\tex/latex/graphics\tri
g.sty
Package: trig 2016/01/03 v1.10 sin cos tan (DPC)
)
(C:\Users\Musarrat Hussain\AppData\Local\Programs\MiKTeX\tex/latex/graphics-cfg
\graphics.cfg
File: graphics.cfg 2016/06/04 v1.11 sample graphics configuration
)
Package graphics Info: Driver file: pdftex.def on input line 105.
)
\thecolorprofile=\count195
\thecolor=\count196
)
\PANTONE=\toks18
Package color Info: Redefining color black on input line 135.
\figbox=\box49
\titlewidth=\skip50
\abstractwidth=\skip51
\c@addrCtr=\count197
\abstractbox=\box50
\indexbox=\box51
\absht=\dimen163
\kwdht=\dimen164
\@tempcntc=\count198
\titlepgskip=\skip52
\maketitlebox=\box52
)
(C:\Users\Musarrat Hussain\AppData\Local\Programs\MiKTeX\tex/latex/cite\cite.st
y
LaTeX Info: Redefining \cite on input line 302.
LaTeX Info: Redefining \nocite on input line 332.
Package: cite 2015/02/27  v 5.5
)
(C:\Users\Musarrat Hussain\AppData\Local\Programs\MiKTeX\tex/latex/amsmath\amsm
ath.sty
Package: amsmath 2020/09/23 v2.17i AMS math features
\@mathmargin=\skip53

For additional information on amsmath, use the `?' option.

(C:\Users\Musarrat Hussain\AppData\Local\Programs\MiKTeX\tex/latex/amsmath\amst
ext.sty
Package: amstext 2000/06/29 v2.01 AMS text

(C:\Users\Musarrat Hussain\AppData\Local\Programs\MiKTeX\tex/latex/amsmath\amsg
en.sty
File: amsgen.sty 1999/11/30 v2.0 generic functions
\@emptytoks=\toks19
\ex@=\dimen165
))
(C:\Users\Musarrat Hussain\AppData\Local\Programs\MiKTeX\tex/latex/amsmath\amsb
sy.sty
Package: amsbsy 1999/11/29 v1.2d Bold Symbols
\pmbraise@=\dimen166
)
(C:\Users\Musarrat Hussain\AppData\Local\Programs\MiKTeX\tex/latex/amsmath\amso
pn.sty
Package: amsopn 2016/03/08 v2.02 operator names
)
\inf@bad=\count199
LaTeX Info: Redefining \frac on input line 234.
\uproot@=\count266
\leftroot@=\count267
LaTeX Info: Redefining \overline on input line 399.
\classnum@=\count268
\DOTSCASE@=\count269
LaTeX Info: Redefining \ldots on input line 496.
LaTeX Info: Redefining \dots on input line 499.
LaTeX Info: Redefining \cdots on input line 620.
\Mathstrutbox@=\box53
\strutbox@=\box54
\big@size=\dimen167
LaTeX Font Info:    Redeclaring font encoding OML on input line 743.
LaTeX Font Info:    Redeclaring font encoding OMS on input line 744.
\macc@depth=\count270
\c@MaxMatrixCols=\count271
\dotsspace@=\muskip16
\c@parentequation=\count272
\dspbrk@lvl=\count273
\tag@help=\toks20
\row@=\count274
\column@=\count275
\maxfields@=\count276
\andhelp@=\toks21
\eqnshift@=\dimen168
\alignsep@=\dimen169
\tagshift@=\dimen170
\tagwidth@=\dimen171
\totwidth@=\dimen172
\lineht@=\dimen173
\@envbody=\toks22
\multlinegap=\skip54
\multlinetaggap=\skip55
\mathdisplay@stack=\toks23
LaTeX Info: Redefining \[ on input line 2923.
LaTeX Info: Redefining \] on input line 2924.
)
(C:\Users\Musarrat Hussain\AppData\Local\Programs\MiKTeX\tex/latex/amsfonts\ams
symb.sty
Package: amssymb 2013/01/14 v3.01 AMS font symbols

(C:\Users\Musarrat Hussain\AppData\Local\Programs\MiKTeX\tex/latex/amsfonts\ams
fonts.sty
Package: amsfonts 2013/01/14 v3.01 Basic AMSFonts support
\symAMSa=\mathgroup4
\symAMSb=\mathgroup5
LaTeX Font Info:    Redeclaring math symbol \hbar on input line 98.
LaTeX Font Info:    Overwriting math alphabet `\mathfrak' in version `bold'
(Font)                  U/euf/m/n --> U/euf/b/n on input line 106.
))
(C:\Users\Musarrat Hussain\AppData\Local\Programs\MiKTeX\tex/latex/algorithms\a
lgorithmic.sty
Package: algorithmic 2009/08/24 v0.1 Document Style `algorithmic'

(C:\Users\Musarrat Hussain\AppData\Local\Programs\MiKTeX\tex/latex/base\ifthen.
sty
Package: ifthen 2014/09/29 v1.1c Standard LaTeX ifthen package (DPC)
)
\c@ALC@unique=\count277
\c@ALC@line=\count278
\c@ALC@rem=\count279
\c@ALC@depth=\count280
\ALC@tlm=\skip56
\algorithmicindent=\skip57
)
(C:\Users\Musarrat Hussain\AppData\Local\Programs\MiKTeX\tex/latex/graphics\gra
phicx.sty
Package: graphicx 2020/09/09 v1.2b Enhanced LaTeX Graphics (DPC,SPQR)
\Gin@req@height=\dimen174
\Gin@req@width=\dimen175
)
(C:\Users\Musarrat Hussain\AppData\Local\Programs\MiKTeX\tex/latex/base\textcom
p.sty
Package: textcomp 2020/02/02 v2.0n Standard LaTeX package
)
(C:\Users\Musarrat Hussain\AppData\Local\Programs\MiKTeX\tex/latex/multirow\mul
tirow.sty
Package: multirow 2021/01/29 v2.7 Span multiple rows of a table
\multirow@colwidth=\skip58
\multirow@cntb=\count281
\multirow@dima=\skip59
\bigstrutjot=\dimen176
)
(C:\Users\Musarrat Hussain\AppData\Local\Programs\MiKTeX\tex/latex/ulem\ulem.st
y
\UL@box=\box55
\UL@hyphenbox=\box56
\UL@skip=\skip60
\UL@hook=\toks24
\UL@height=\dimen177
\UL@pe=\count282
\UL@pixel=\dimen178
\ULC@box=\box57
Package: ulem 2019/11/18
\ULdepth=\dimen179
)
(C:\Users\Musarrat Hussain\AppData\Local\Programs\MiKTeX\tex/latex/hyperref\hyp
erref.sty
Package: hyperref 2021-02-10 v7.00j Hypertext links for LaTeX

(C:\Users\Musarrat Hussain\AppData\Local\Programs\MiKTeX\tex/generic/ltxcmds\lt
xcmds.sty
Package: ltxcmds 2020-05-10 v1.25 LaTeX kernel commands for general use (HO)
)
(C:\Users\Musarrat Hussain\AppData\Local\Programs\MiKTeX\tex/generic/pdftexcmds
\pdftexcmds.sty
Package: pdftexcmds 2020-06-27 v0.33 Utility functions of pdfTeX for LuaTeX (HO
)

(C:\Users\Musarrat Hussain\AppData\Local\Programs\MiKTeX\tex/generic/infwarerr\
infwarerr.sty
Package: infwarerr 2019/12/03 v1.5 Providing info/warning/error messages (HO)
)
Package pdftexcmds Info: \pdf@primitive is available.
Package pdftexcmds Info: \pdf@ifprimitive is available.
Package pdftexcmds Info: \pdfdraftmode found.
)
(C:\Users\Musarrat Hussain\AppData\Local\Programs\MiKTeX\tex/generic/kvsetkeys\
kvsetkeys.sty
Package: kvsetkeys 2019/12/15 v1.18 Key value parser (HO)
)
(C:\Users\Musarrat Hussain\AppData\Local\Programs\MiKTeX\tex/generic/kvdefineke
ys\kvdefinekeys.sty
Package: kvdefinekeys 2019-12-19 v1.6 Define keys (HO)
)
(C:\Users\Musarrat Hussain\AppData\Local\Programs\MiKTeX\tex/generic/pdfescape\
pdfescape.sty
Package: pdfescape 2019/12/09 v1.15 Implements pdfTeX's escape features (HO)
)
(C:\Users\Musarrat Hussain\AppData\Local\Programs\MiKTeX\tex/latex/hycolor\hyco
lor.sty
Package: hycolor 2020-01-27 v1.10 Color options for hyperref/bookmark (HO)
)
(C:\Users\Musarrat Hussain\AppData\Local\Programs\MiKTeX\tex/latex/letltxmacro\
letltxmacro.sty
Package: letltxmacro 2019/12/03 v1.6 Let assignment for LaTeX macros (HO)
)
(C:\Users\Musarrat Hussain\AppData\Local\Programs\MiKTeX\tex/latex/auxhook\auxh
ook.sty
Package: auxhook 2019-12-17 v1.6 Hooks for auxiliary files (HO)
)
(C:\Users\Musarrat Hussain\AppData\Local\Programs\MiKTeX\tex/latex/kvoptions\kv
options.sty
Package: kvoptions 2020-10-07 v3.14 Key value format for package options (HO)
)
\@linkdim=\dimen180
\Hy@linkcounter=\count283
\Hy@pagecounter=\count284

(C:\Users\Musarrat Hussain\AppData\Local\Programs\MiKTeX\tex/latex/hyperref\pd1
enc.def
File: pd1enc.def 2021-02-10 v7.00j Hyperref: PDFDocEncoding definition (HO)
Now handling font encoding PD1 ...
... no UTF-8 mapping file for font encoding PD1
)
(C:\Users\Musarrat Hussain\AppData\Local\Programs\MiKTeX\tex/latex/hyperref\hyp
erref-langpatches.def
File: hyperref-langpatches.def 2021-02-10 v7.00j Hyperref: patches for babel la
nguages
)
(C:\Users\Musarrat Hussain\AppData\Local\Programs\MiKTeX\tex/generic/intcalc\in
tcalc.sty
Package: intcalc 2019/12/15 v1.3 Expandable calculations with integers (HO)
)
(C:\Users\Musarrat Hussain\AppData\Local\Programs\MiKTeX\tex/generic/etexcmds\e
texcmds.sty
Package: etexcmds 2019/12/15 v1.7 Avoid name clashes with e-TeX commands (HO)
)
\Hy@SavedSpaceFactor=\count285

(C:\Users\Musarrat Hussain\AppData\Local\Programs\MiKTeX\tex/latex/hyperref\pue
nc.def
File: puenc.def 2021-02-10 v7.00j Hyperref: PDF Unicode definition (HO)
Now handling font encoding PU ...
... no UTF-8 mapping file for font encoding PU
)
Package hyperref Info: Hyper figures OFF on input line 4192.
Package hyperref Info: Link nesting OFF on input line 4197.
Package hyperref Info: Hyper index ON on input line 4200.
Package hyperref Info: Plain pages OFF on input line 4207.
Package hyperref Info: Backreferencing OFF on input line 4212.
Package hyperref Info: Implicit mode ON; LaTeX internals redefined.
Package hyperref Info: Bookmarks ON on input line 4445.
\c@Hy@tempcnt=\count286

(C:\Users\Musarrat Hussain\AppData\Local\Programs\MiKTeX\tex/latex/url\url.sty
\Urlmuskip=\muskip17
Package: url 2013/09/16  ver 3.4  Verb mode for urls, etc.
)
LaTeX Info: Redefining \url on input line 4804.
\XeTeXLinkMargin=\dimen181

(C:\Users\Musarrat Hussain\AppData\Local\Programs\MiKTeX\tex/generic/bitset\bit
set.sty
Package: bitset 2019/12/09 v1.3 Handle bit-vector datatype (HO)

(C:\Users\Musarrat Hussain\AppData\Local\Programs\MiKTeX\tex/generic/bigintcalc
\bigintcalc.sty
Package: bigintcalc 2019/12/15 v1.5 Expandable calculations on big integers (HO
)
))
\Fld@menulength=\count287
\Field@Width=\dimen182
\Fld@charsize=\dimen183
Package hyperref Info: Hyper figures OFF on input line 6075.
Package hyperref Info: Link nesting OFF on input line 6080.
Package hyperref Info: Hyper index ON on input line 6083.
Package hyperref Info: backreferencing OFF on input line 6090.
Package hyperref Info: Link coloring OFF on input line 6095.
Package hyperref Info: Link coloring with OCG OFF on input line 6100.
Package hyperref Info: PDF/A mode OFF on input line 6105.
LaTeX Info: Redefining \ref on input line 6145.
LaTeX Info: Redefining \pageref on input line 6149.

(C:\Users\Musarrat Hussain\AppData\Local\Programs\MiKTeX\tex/latex/base\atbegsh
i-ltx.sty
Package: atbegshi-ltx 2020/08/17 v1.0a Emulation of the original atbegshi packa
ge
with kernel methods
)
\Hy@abspage=\count288
\c@Item=\count289
\c@Hfootnote=\count290
)
Package hyperref Info: Driver (autodetected): hpdftex.

(C:\Users\Musarrat Hussain\AppData\Local\Programs\MiKTeX\tex/latex/hyperref\hpd
ftex.def
File: hpdftex.def 2021-02-10 v7.00j Hyperref driver for pdfTeX

(C:\Users\Musarrat Hussain\AppData\Local\Programs\MiKTeX\tex/latex/base\atverye
nd-ltx.sty
Package: atveryend-ltx 2020/08/19 v1.0a Emulation of the original atvery packag
e
with kernel methods
)
\Fld@listcount=\count291
\c@bookmark@seq@number=\count292

(C:\Users\Musarrat Hussain\AppData\Local\Programs\MiKTeX\tex/latex/rerunfileche
ck\rerunfilecheck.sty
Package: rerunfilecheck 2019/12/05 v1.9 Rerun checks for auxiliary files (HO)

(C:\Users\Musarrat Hussain\AppData\Local\Programs\MiKTeX\tex/generic/uniquecoun
ter\uniquecounter.sty
Package: uniquecounter 2019/12/15 v1.4 Provide unlimited unique counter (HO)
)
Package uniquecounter Info: New unique counter `rerunfilecheck' on input line 2
86.
)
\Hy@SectionHShift=\skip61
)
(C:\Users\Musarrat Hussain\AppData\Local\Programs\MiKTeX\tex/latex/l3backend\l3
backend-pdftex.def
File: l3backend-pdftex.def 2021-02-18 L3 backend support: PDF output (pdfTeX)
\l__color_backend_stack_int=\count293
\l__pdf_internal_box=\box58
) (ManuScript.aux)
\openout1 = `ManuScript.aux'.

LaTeX Font Info:    Checking defaults for OML/cmm/m/it on input line 13.
LaTeX Font Info:    ... okay on input line 13.
LaTeX Font Info:    Checking defaults for OMS/cmsy/m/n on input line 13.
LaTeX Font Info:    ... okay on input line 13.
LaTeX Font Info:    Checking defaults for OT1/cmr/m/n on input line 13.
LaTeX Font Info:    ... okay on input line 13.
LaTeX Font Info:    Checking defaults for T1/cmr/m/n on input line 13.
LaTeX Font Info:    ... okay on input line 13.
LaTeX Font Info:    Checking defaults for TS1/cmr/m/n on input line 13.
LaTeX Font Info:    ... okay on input line 13.
LaTeX Font Info:    Checking defaults for OMX/cmex/m/n on input line 13.
LaTeX Font Info:    ... okay on input line 13.
LaTeX Font Info:    Checking defaults for U/cmr/m/n on input line 13.
LaTeX Font Info:    ... okay on input line 13.
LaTeX Font Info:    Checking defaults for PD1/pdf/m/n on input line 13.
LaTeX Font Info:    ... okay on input line 13.
LaTeX Font Info:    Checking defaults for PU/pdf/m/n on input line 13.
LaTeX Font Info:    ... okay on input line 13.

-- Lines per column: 56 (exact).
LaTeX Font Info:    Trying to load font information for T1+ptm on input line 13
.

(C:\Users\Musarrat Hussain\AppData\Local\Programs\MiKTeX\tex/latex/psnfss\t1ptm
.fd
File: t1ptm.fd 2001/06/04 font definitions for T1/ptm.
)

LaTeX Font Warning: Font shape `T1/ptm/n/n' undefined
(Font)              using `T1/ptm/m/n' instead on input line 13.


(C:\Users\Musarrat Hussain\AppData\Local\Programs\MiKTeX\tex/context/base/mkii\
supp-pdf.mkii
[Loading MPS to PDF converter (version 2006.09.02).]
\scratchcounter=\count294
\scratchdimen=\dimen184
\scratchbox=\box59
\nofMPsegments=\count295
\nofMParguments=\count296
\everyMPshowfont=\toks25
\MPscratchCnt=\count297
\MPscratchDim=\dimen185
\MPnumerator=\count298
\makeMPintoPDFobject=\count299
\everyMPtoPDFconversion=\toks26
)
(C:\Users\Musarrat Hussain\AppData\Local\Programs\MiKTeX\tex/latex/epstopdf-pkg
\epstopdf-base.sty
Package: epstopdf-base 2020-01-24 v2.11 Base part for package epstopdf
Package epstopdf-base Info: Redefining graphics rule for `.eps' on input line 4
85.
)
Package hyperref Info: Link coloring OFF on input line 13.

(C:\Users\Musarrat Hussain\AppData\Local\Programs\MiKTeX\tex/latex/hyperref\nam
eref.sty
Package: nameref 2021-04-02 v2.47 Cross-referencing by name of section

(C:\Users\Musarrat Hussain\AppData\Local\Programs\MiKTeX\tex/latex/refcount\ref
count.sty
Package: refcount 2019/12/15 v3.6 Data extraction from label references (HO)
)
(C:\Users\Musarrat Hussain\AppData\Local\Programs\MiKTeX\tex/generic/gettitlest
ring\gettitlestring.sty
Package: gettitlestring 2019/12/15 v1.6 Cleanup title references (HO)
)
\c@section@level=\count300
)
LaTeX Info: Redefining \ref on input line 13.
LaTeX Info: Redefining \pageref on input line 13.
LaTeX Info: Redefining \nameref on input line 13.
 (ManuScript.out) (ManuScript.out)
\@outlinefile=\write3
\openout3 = `ManuScript.out'.

<bullet.png, id=86, 12.045pt x 35.38219pt>
File: bullet.png Graphic file (type png)
<use bullet.png>
Package pdftex.def Info: bullet.png  used on input line 41.
(pdftex.def)             Requested size: 5.0pt x 14.6871pt.
LaTeX Font Info:    Trying to load font information for T1+phv on input line 41
.

(C:\Users\Musarrat Hussain\AppData\Local\Programs\MiKTeX\tex/latex/psnfss\t1phv
.fd
File: t1phv.fd 2020/03/25 scalable font definitions for T1/phv.
)

LaTeX Font Warning: Font shape `T1/phv/n/n' undefined
(Font)              using `T1/phv/m/n' instead on input line 41.

File: bullet.png Graphic file (type png)
<use bullet.png>
Package pdftex.def Info: bullet.png  used on input line 45.
(pdftex.def)             Requested size: 5.0pt x 14.6871pt.
LaTeX Font Info:    Calculating math sizes for size <9.9> on input line 52.
LaTeX Font Info:    Trying to load font information for U+msa on input line 52.


(C:\Users\Musarrat Hussain\AppData\Local\Programs\MiKTeX\tex/latex/amsfonts\ums
a.fd
File: umsa.fd 2013/01/14 v3.01 AMS symbols A
)
LaTeX Font Info:    Trying to load font information for U+msb on input line 52.


(C:\Users\Musarrat Hussain\AppData\Local\Programs\MiKTeX\tex/latex/amsfonts\ums
b.fd
File: umsb.fd 2013/01/14 v3.01 AMS symbols B
)
LaTeX Font Info:    Calculating math sizes for size <6.6> on input line 52.

Overfull \hbox (9.2679pt too wide) in paragraph at lines 52--52
[]  
 []


Overfull \hbox (9.2679pt too wide) in paragraph at lines 52--52
[]  
 []


Underfull \vbox (badness 1728) has occurred while \output is active []



LaTeX Warning: No positions in optional float specifier.
               Default added (so using `tbp') on input line 60.


Overfull \hbox (13.30809pt too wide) in paragraph at lines 64--86
 [][] 
 []


Underfull \vbox (badness 10000) has occurred while \output is active []

<Logo.png, id=96, 206.27063pt x 53.44969pt>
File: Logo.png Graphic file (type png)
<use Logo.png>
Package pdftex.def Info: Logo.png  used on input line 93.
(pdftex.def)             Requested size: 91.32pt x 23.66309pt.

Overfull \hbox (505.12177pt too wide) has occurred while \output is active
[]
 []


Overfull \hbox (505.12177pt too wide) has occurred while \output is active
[]
 []


Overfull \hbox (505.12177pt too wide) has occurred while \output is active
[]
 []


Underfull \hbox (badness 10000) has occurred while \output is active
[]
 []

[1


 <./Logo.png> <./bullet.png>]
<notaglineLogo.png, id=122, 169.38281pt x 42.91031pt>
File: notaglineLogo.png Graphic file (type png)
<use notaglineLogo.png>
Package pdftex.def Info: notaglineLogo.png  used on input line 109.
(pdftex.def)             Requested size: 91.32pt x 23.1352pt.

Overfull \hbox (505.12177pt too wide) has occurred while \output is active
[]
 []


Overfull \hbox (505.12177pt too wide) has occurred while \output is active
[]
 []


Underfull \hbox (badness 10000) has occurred while \output is active
[]
 []

[2 <./notaglineLogo.png>]
Underfull \hbox (badness 1668) in paragraph at lines 114--115
[]\T1/ptm/n/n/10 A com-pre-hen-sive sur-vey from 176 ex-perts in-clud-ing
 []

Package epstopdf Info: Source file: <methodology.eps>
(epstopdf)                    date: 2021-06-05 13:03:01
(epstopdf)                    size: 9815411 bytes
(epstopdf)             Output file: <methodology-eps-converted-to.pdf>
(epstopdf)                    date: 2021-06-05 13:09:50
(epstopdf)                    size: 240349 bytes
(epstopdf)             Command: <epstopdf --outfile=methodology-eps-converted-t
o.pdf methodology.eps>
(epstopdf)             \includegraphics on input line 118.
Package epstopdf Info: Output file is already uptodate.


pdfTeX warning: pdflatex.exe (file ./methodology-eps-converted-to.pdf): PDF inc
lusion: found PDF version <1.7>, but at most version <1.5> allowed
<methodology-eps-converted-to.pdf, id=140, 767.86874pt x 393.47pt>
File: methodology-eps-converted-to.pdf Graphic file (type pdf)
<use methodology-eps-converted-to.pdf>
Package pdftex.def Info: methodology-eps-converted-to.pdf  used on input line 1
18.
(pdftex.def)             Requested size: 460.7248pt x 236.0838pt.
File: notaglineLogo.png Graphic file (type png)
<use notaglineLogo.png>
Package pdftex.def Info: notaglineLogo.png  used on input line 133.
(pdftex.def)             Requested size: 91.32pt x 23.1352pt.

Overfull \hbox (505.12177pt too wide) has occurred while \output is active
[]
 []


Overfull \hbox (505.12177pt too wide) has occurred while \output is active
[]
 []


Underfull \hbox (badness 10000) has occurred while \output is active
[]
 []

[3]
Package epstopdf Info: Source file: <schemas.eps>
(epstopdf)                    date: 2021-06-05 13:03:01
(epstopdf)                    size: 2852510 bytes
(epstopdf)             Output file: <schemas-eps-converted-to.pdf>
(epstopdf)                    date: 2021-06-05 13:09:55
(epstopdf)                    size: 345868 bytes
(epstopdf)             Command: <epstopdf --outfile=schemas-eps-converted-to.pd
f schemas.eps>
(epstopdf)             \includegraphics on input line 137.
Package epstopdf Info: Output file is already uptodate.


pdfTeX warning: pdflatex.exe (file ./schemas-eps-converted-to.pdf): PDF inclusi
on: found PDF version <1.7>, but at most version <1.5> allowed
<schemas-eps-converted-to.pdf, id=162, 961.5925pt x 515.9275pt>
File: schemas-eps-converted-to.pdf Graphic file (type pdf)
<use schemas-eps-converted-to.pdf>
Package pdftex.def Info: schemas-eps-converted-to.pdf  used on input line 137.
(pdftex.def)             Requested size: 509.6416pt x 273.44026pt.

Overfull \hbox (4.51984pt too wide) in paragraph at lines 137--138
 [][] 
 []


Underfull \vbox (badness 10000) has occurred while \output is active []


Underfull \vbox (badness 1092) has occurred while \output is active []

File: notaglineLogo.png Graphic file (type png)
<use notaglineLogo.png>
Package pdftex.def Info: notaglineLogo.png  used on input line 155.
(pdftex.def)             Requested size: 91.32pt x 23.1352pt.

Overfull \hbox (505.12177pt too wide) has occurred while \output is active
[]
 []


Overfull \hbox (505.12177pt too wide) has occurred while \output is active
[]
 []


Underfull \hbox (badness 10000) has occurred while \output is active
[]
 []

[4 <./methodology-eps-converted-to.pdf>]
Package epstopdf Info: Source file: <suffixAttribute.eps>
(epstopdf)                    date: 2021-06-05 13:03:01
(epstopdf)                    size: 2506397 bytes
(epstopdf)             Output file: <suffixAttribute-eps-converted-to.pdf>
(epstopdf)                    date: 2021-06-05 13:09:59
(epstopdf)                    size: 255901 bytes
(epstopdf)             Command: <epstopdf --outfile=suffixAttribute-eps-convert
ed-to.pdf suffixAttribute.eps>
(epstopdf)             \includegraphics on input line 159.
Package epstopdf Info: Output file is already uptodate.


pdfTeX warning: pdflatex.exe (file ./suffixAttribute-eps-converted-to.pdf): PDF
 inclusion: found PDF version <1.7>, but at most version <1.5> allowed
<suffixAttribute-eps-converted-to.pdf, id=300, 359.3425pt x 451.6875pt>
File: suffixAttribute-eps-converted-to.pdf Graphic file (type pdf)
<use suffixAttribute-eps-converted-to.pdf>
Package pdftex.def Info: suffixAttribute-eps-converted-to.pdf  used on input li
ne 159.
(pdftex.def)             Requested size: 233.56985pt x 293.59338pt.

Underfull \hbox (badness 1466) in paragraph at lines 165--167
\T1/ptm/n/n/10 Start-Date''. ``dis-ease-Name-On-Ad-mis-sion'', and ``Ad-mis-sio
-
 []


Underfull \vbox (badness 10000) has occurred while \output is active []



LaTeX Warning: Text page 5 contains only floats.

File: notaglineLogo.png Graphic file (type png)
<use notaglineLogo.png>
Package pdftex.def Info: notaglineLogo.png  used on input line 167.
(pdftex.def)             Requested size: 91.32pt x 23.1352pt.

Overfull \hbox (505.12177pt too wide) has occurred while \output is active
[]
 []


Overfull \hbox (505.12177pt too wide) has occurred while \output is active
[]
 []


Underfull \hbox (badness 10000) has occurred while \output is active
[]
 []

[5 <./schemas-eps-converted-to.pdf> <./suffixAttribute-eps-converted-to.pdf>]

LaTeX Warning: No positions in optional float specifier.
               Default added (so using `tbp') on input line 168.


Overfull \hbox (12.0pt too wide) in paragraph at lines 172--177
 [][] 
 []


Underfull \hbox (badness 10000) in paragraph at lines 197--202
\T1/ptm/n/n/10 base-nli-stsb-mean-tokens'', ``roberta-large-nli-stsb-mean-
 []


Underfull \hbox (badness 5578) in paragraph at lines 197--202
\T1/ptm/n/n/10 nli-mean-tokens'', ``bert-large-nli-mean-tokens'', ``roberta-
 []

File: notaglineLogo.png Graphic file (type png)
<use notaglineLogo.png>
Package pdftex.def Info: notaglineLogo.png  used on input line 202.
(pdftex.def)             Requested size: 91.32pt x 23.1352pt.

Overfull \hbox (505.12177pt too wide) has occurred while \output is active
[]
 []


Overfull \hbox (505.12177pt too wide) has occurred while \output is active
[]
 []


Underfull \hbox (badness 10000) has occurred while \output is active
[]
 []

[6]
Package epstopdf Info: Source file: <kappaInterAnnotatorAgrement.eps>
(epstopdf)                    date: 2021-06-05 13:03:01
(epstopdf)                    size: 346275 bytes
(epstopdf)             Output file: <kappaInterAnnotatorAgrement-eps-converted-
to.pdf>
(epstopdf)                    date: 2021-06-05 13:10:02
(epstopdf)                    size: 22060 bytes
(epstopdf)             Command: <epstopdf --outfile=kappaInterAnnotatorAgrement
-eps-converted-to.pdf kappaInterAnnotatorAgrement.eps>
(epstopdf)             \includegraphics on input line 210.
Package epstopdf Info: Output file is already uptodate.


pdfTeX warning: pdflatex.exe (file ./kappaInterAnnotatorAgrement-eps-converted-
to.pdf): PDF inclusion: found PDF version <1.7>, but at most version <1.5> allo
wed
<kappaInterAnnotatorAgrement-eps-converted-to.pdf, id=490, 378.41376pt x 215.80
624pt>
File: kappaInterAnnotatorAgrement-eps-converted-to.pdf Graphic file (type pdf)
<use kappaInterAnnotatorAgrement-eps-converted-to.pdf>
Package pdftex.def Info: kappaInterAnnotatorAgrement-eps-converted-to.pdf  used
 on input line 210.
(pdftex.def)             Requested size: 242.67355pt x 138.39542pt.

Underfull \hbox (badness 10000) in paragraph at lines 216--216
[][][][][]$\T1/ptm/m/n/8 https : / / github . com / desertzebra / EMR-[]Interop
erability / tree / master /
 []

Package epstopdf Info: Source file: <thresholdSelection.eps>
(epstopdf)                    date: 2021-06-05 13:03:01
(epstopdf)                    size: 5027150 bytes
(epstopdf)             Output file: <thresholdSelection-eps-converted-to.pdf>
(epstopdf)                    date: 2021-06-05 13:10:07
(epstopdf)                    size: 109558 bytes
(epstopdf)             Command: <epstopdf --outfile=thresholdSelection-eps-conv
erted-to.pdf thresholdSelection.eps>
(epstopdf)             \includegraphics on input line 239.
Package epstopdf Info: Output file is already uptodate.


pdfTeX warning: pdflatex.exe (file ./thresholdSelection-eps-converted-to.pdf): 
PDF inclusion: found PDF version <1.7>, but at most version <1.5> allowed
<thresholdSelection-eps-converted-to.pdf, id=495, 556.0775pt x 336.25626pt>
File: thresholdSelection-eps-converted-to.pdf Graphic file (type pdf)
<use thresholdSelection-eps-converted-to.pdf>
Package pdftex.def Info: thresholdSelection-eps-converted-to.pdf  used on input
 line 239.
(pdftex.def)             Requested size: 461.5442pt x 279.09262pt.
File: notaglineLogo.png Graphic file (type png)
<use notaglineLogo.png>
Package pdftex.def Info: notaglineLogo.png  used on input line 248.
(pdftex.def)             Requested size: 91.32pt x 23.1352pt.

Overfull \hbox (505.12177pt too wide) has occurred while \output is active
[]
 []


Overfull \hbox (505.12177pt too wide) has occurred while \output is active
[]
 []


Underfull \hbox (badness 10000) has occurred while \output is active
[]
 []

[7 <./kappaInterAnnotatorAgrement-eps-converted-to.pdf>]

LaTeX Warning: `!h' float specifier changed to `!ht'.

File: notaglineLogo.png Graphic file (type png)
<use notaglineLogo.png>
Package pdftex.def Info: notaglineLogo.png  used on input line 304.
(pdftex.def)             Requested size: 91.32pt x 23.1352pt.

Overfull \hbox (505.12177pt too wide) has occurred while \output is active
[]
 []


Overfull \hbox (505.12177pt too wide) has occurred while \output is active
[]
 []


Underfull \hbox (badness 10000) has occurred while \output is active
[]
 []

[8 <./thresholdSelection-eps-converted-to.pdf>]
Underfull \hbox (badness 1953) in paragraph at lines 304--305
\T1/ptm/n/n/10 ing a mea-sure quan-ti-fy-ing the ac-cu-racy of the clas-si-
 []


Underfull \hbox (badness 3657) in paragraph at lines 304--305
\T1/ptm/n/n/10 The mod-els Word2Vec, bert-large-nli-mean-tokens, and
 []


Underfull \hbox (badness 3118) in paragraph at lines 304--305
\T1/ptm/n/n/10 in-di-cate ran-dom clas-si-fi-ca-tion, while $\OML/cmm/m/it/10 
$ \T1/ptm/n/n/10 score be-tween
 []

Package epstopdf Info: Source file: <evaluation.eps>
(epstopdf)                    date: 2021-06-05 13:03:01
(epstopdf)                    size: 3602559 bytes
(epstopdf)             Output file: <evaluation-eps-converted-to.pdf>
(epstopdf)                    date: 2021-06-05 13:10:12
(epstopdf)                    size: 110131 bytes
(epstopdf)             Command: <epstopdf --outfile=evaluation-eps-converted-to
.pdf evaluation.eps>
(epstopdf)             \includegraphics on input line 308.
Package epstopdf Info: Output file is already uptodate.


pdfTeX warning: pdflatex.exe (file ./evaluation-eps-converted-to.pdf): PDF incl
usion: found PDF version <1.7>, but at most version <1.5> allowed
<evaluation-eps-converted-to.pdf, id=538, 559.08875pt x 305.14pt>
File: evaluation-eps-converted-to.pdf Graphic file (type pdf)
<use evaluation-eps-converted-to.pdf>
Package pdftex.def Info: evaluation-eps-converted-to.pdf  used on input line 30
8.
(pdftex.def)             Requested size: 464.04353pt x 253.26611pt.

Underfull \vbox (badness 10000) has occurred while \output is active []

File: notaglineLogo.png Graphic file (type png)
<use notaglineLogo.png>
Package pdftex.def Info: notaglineLogo.png  used on input line 316.
(pdftex.def)             Requested size: 91.32pt x 23.1352pt.

Overfull \hbox (505.12177pt too wide) has occurred while \output is active
[]
 []


Overfull \hbox (505.12177pt too wide) has occurred while \output is active
[]
 []


Underfull \hbox (badness 10000) has occurred while \output is active
[]
 []

[9]
Underfull \vbox (badness 10000) has occurred while \output is active []


Underfull \vbox (badness 1975) has occurred while \output is active []

File: notaglineLogo.png Graphic file (type png)
<use notaglineLogo.png>
Package pdftex.def Info: notaglineLogo.png  used on input line 325.
(pdftex.def)             Requested size: 91.32pt x 23.1352pt.

Overfull \hbox (505.12177pt too wide) has occurred while \output is active
[]
 []


Overfull \hbox (505.12177pt too wide) has occurred while \output is active
[]
 []


Underfull \hbox (badness 10000) has occurred while \output is active
[]
 []

[10 <./evaluation-eps-converted-to.pdf>] (ManuScript.bbl
Underfull \hbox (badness 2221) in paragraph at lines 35--38
[]\T1/ptm/n/n/7.61 David John-son.  Clin-i-cal In-for-ma-tion Mod-el-ing Ini-ti
a-tive (CIMI).
 []


Underfull \hbox (badness 3460) in paragraph at lines 53--58
[]\T1/ptm/n/n/7.61 Kenji Nozaki, Teruhisa Hochin, and Hi-roki Nomiya.  Se-man-t
ic
 []


Underfull \hbox (badness 3138) in paragraph at lines 170--174
[]\T1/ptm/n/n/7.61 Dennis Rei-dsma and Rieks op den Akker.  Ex-ploit-ing `sub-j
ec-
 []

)

Package hyperref Warning: The anchor of a bookmark and its parent's must not
(hyperref)                be the same. Added a new anchor on input line 332.

<fahad.jpg, id=574, 633.36626pt x 918.43124pt>
File: fahad.jpg Graphic file (type jpg)
<use fahad.jpg>
Package pdftex.def Info: fahad.jpg  used on input line 332.
(pdftex.def)             Requested size: 62.29657pt x 90.33498pt.
File: fahad.jpg Graphic file (type jpg)
<use fahad.jpg>
Package pdftex.def Info: fahad.jpg  used on input line 332.
(pdftex.def)             Requested size: 62.29657pt x 90.33498pt.
File: notaglineLogo.png Graphic file (type png)
<use notaglineLogo.png>
Package pdftex.def Info: notaglineLogo.png  used on input line 335.
(pdftex.def)             Requested size: 91.32pt x 23.1352pt.

Overfull \hbox (505.12177pt too wide) has occurred while \output is active
[]
 []


Overfull \hbox (505.12177pt too wide) has occurred while \output is active
[]
 []


Underfull \hbox (badness 10000) has occurred while \output is active
[]
 []

[11 <./fahad.jpg>]
<musarrat.jpg, id=584, 381.425pt x 529.98pt>
File: musarrat.jpg Graphic file (type jpg)
<use musarrat.jpg>
Package pdftex.def Info: musarrat.jpg  used on input line 335.
(pdftex.def)             Requested size: 65.01016pt x 90.32991pt.
File: musarrat.jpg Graphic file (type jpg)
<use musarrat.jpg>
Package pdftex.def Info: musarrat.jpg  used on input line 335.
(pdftex.def)             Requested size: 65.01016pt x 90.32991pt.

Underfull \hbox (badness 2626) in paragraph at lines 335--336
\T1/ptm/n/n/8 tional Uni-ver-sity of Sci-ence and Tech-nol-ogy
 []

<jamil.jpg, id=587, 144.54pt x 216.81pt>
File: jamil.jpg Graphic file (type jpg)
<use jamil.jpg>
Package pdftex.def Info: jamil.jpg  used on input line 338.
(pdftex.def)             Requested size: 60.22557pt x 90.33838pt.
File: jamil.jpg Graphic file (type jpg)
<use jamil.jpg>
Package pdftex.def Info: jamil.jpg  used on input line 338.
(pdftex.def)             Requested size: 60.22557pt x 90.33838pt.
<imran.jpg, id=590, 130.23656pt x 173.89969pt>
File: imran.jpg Graphic file (type jpg)
<use imran.jpg>
Package pdftex.def Info: imran.jpg  used on input line 341.
(pdftex.def)             Requested size: 67.65384pt x 90.33546pt.
File: imran.jpg Graphic file (type jpg)
<use imran.jpg>
Package pdftex.def Info: imran.jpg  used on input line 341.
(pdftex.def)             Requested size: 67.65384pt x 90.33546pt.
<taqdir.jpg, id=593, 93.951pt x 122.859pt>
File: taqdir.jpg Graphic file (type jpg)
<use taqdir.jpg>
Package pdftex.def Info: taqdir.jpg  used on input line 344.
(pdftex.def)             Requested size: 69.0854pt x 90.34244pt.
File: taqdir.jpg Graphic file (type jpg)
<use taqdir.jpg>
Package pdftex.def Info: taqdir.jpg  used on input line 344.
(pdftex.def)             Requested size: 69.0854pt x 90.34244pt.
<bilal.jpg, id=596, 427.1157pt x 517.4532pt>
File: bilal.jpg Graphic file (type jpg)
<use bilal.jpg>
Package pdftex.def Info: bilal.jpg  used on input line 347.
(pdftex.def)             Requested size: 72.2698pt x 87.5553pt.
File: bilal.jpg Graphic file (type jpg)
<use bilal.jpg>
Package pdftex.def Info: bilal.jpg  used on input line 347.
(pdftex.def)             Requested size: 72.2698pt x 87.5553pt.
<prof_tcc.jpg, id=599, 225.84375pt x 282.30469pt>
File: prof_tcc.jpg Graphic file (type jpg)
<use prof_tcc.jpg>
Package pdftex.def Info: prof_tcc.jpg  used on input line 349.
(pdftex.def)             Requested size: 72.27147pt x 90.33934pt.
File: prof_tcc.jpg Graphic file (type jpg)
<use prof_tcc.jpg>
Package pdftex.def Info: prof_tcc.jpg  used on input line 349.
(pdftex.def)             Requested size: 72.27147pt x 90.33934pt.
<prof_sylee.png, id=602, 99.37125pt x 121.20282pt>
File: prof_sylee.png Graphic file (type png)
<use prof_sylee.png>
Package pdftex.def Info: prof_sylee.png  used on input line 352.
(pdftex.def)             Requested size: 72.27202pt x 88.14996pt.
File: prof_sylee.png Graphic file (type png)
<use prof_sylee.png>
Package pdftex.def Info: prof_sylee.png  used on input line 352.
(pdftex.def)             Requested size: 72.27202pt x 88.14996pt.

Underfull \hbox (badness 1867) in paragraph at lines 352--353
[]\T1/phv/m/n/8 SUNGYOUNG LEE \T1/ptm/n/n/8 re-ceived the B.S.degree
 []

File: bullet.png Graphic file (type png)
<use bullet.png>
Package pdftex.def Info: bullet.png  used on input line 355.
(pdftex.def)             Requested size: 5.0pt x 14.6871pt.
File: notaglineLogo.png Graphic file (type png)
<use notaglineLogo.png>
Package pdftex.def Info: notaglineLogo.png  used on input line 357.
(pdftex.def)             Requested size: 91.32pt x 23.1352pt.

Overfull \hbox (505.12177pt too wide) has occurred while \output is active
[]
 []


Overfull \hbox (505.12177pt too wide) has occurred while \output is active
[]
 []


Underfull \hbox (badness 10000) has occurred while \output is active
[]
 []

[12 <./musarrat.jpg> <./jamil.jpg> <./imran.jpg> <./taqdir.jpg> <./bilal.jpg> <
./prof_tcc.jpg> <./prof_sylee.png>] (ManuScript.aux)

LaTeX Font Warning: Some font shapes were not available, defaults substituted.

Package rerunfilecheck Info: File `ManuScript.out' has not changed.
(rerunfilecheck)             Checksum: B9B78F2B3273100E3DB7F9022537A8C5;2911.
 ) 
Here is how much of TeX's memory you used:
 11027 strings out of 479334
 168096 string characters out of 2851822
 518400 words of memory out of 3000000
 28185 multiletter control sequences out of 15000+200000
 502392 words of font info for 155 fonts, out of 3000000 for 9000
 1141 hyphenation exceptions out of 8191
 83i,13n,88p,2224b,419s stack positions out of 5000i,500n,10000p,200000b,50000s
pdfTeX warning (dest): name{section*.2} has been referenced but does not exis
t, replaced by a fixed one

{C:/Users/Musarrat Hussain/AppData/Local/Programs/MiKTeX/fonts/enc/dvips/base/8
r.enc}<C:/Users/Musarrat Hussain/AppData/Local/Programs/MiKTeX/fonts/type1/publ
ic/amsfonts/cm/cmmi10.pfb><C:/Users/Musarrat Hussain/AppData/Local/Programs/MiK
TeX/fonts/type1/public/amsfonts/cm/cmmi5.pfb><C:/Users/Musarrat Hussain/AppData
/Local/Programs/MiKTeX/fonts/type1/public/amsfonts/cm/cmmi6.pfb><C:/Users/Musar
rat Hussain/AppData/Local/Programs/MiKTeX/fonts/type1/public/amsfonts/cm/cmmi7.
pfb><C:/Users/Musarrat Hussain/AppData/Local/Programs/MiKTeX/fonts/type1/public
/amsfonts/cm/cmmi8.pfb><C:/Users/Musarrat Hussain/AppData/Local/Programs/MiKTeX
/fonts/type1/public/amsfonts/cm/cmr10.pfb><C:/Users/Musarrat Hussain/AppData/Lo
cal/Programs/MiKTeX/fonts/type1/public/amsfonts/cm/cmr5.pfb><C:/Users/Musarrat 
Hussain/AppData/Local/Programs/MiKTeX/fonts/type1/public/amsfonts/cm/cmr6.pfb><
C:/Users/Musarrat Hussain/AppData/Local/Programs/MiKTeX/fonts/type1/public/amsf
onts/cm/cmr7.pfb><C:/Users/Musarrat Hussain/AppData/Local/Programs/MiKTeX/fonts
/type1/public/amsfonts/cm/cmsy10.pfb><C:/Users/Musarrat Hussain/AppData/Local/P
rograms/MiKTeX/fonts/type1/public/amsfonts/cm/cmsy7.pfb><C:/Users/Musarrat Huss
ain/AppData/Local/Programs/MiKTeX/fonts/type1/urw/helvetic/uhvb8a.pfb><C:/Users
/Musarrat Hussain/AppData/Local/Programs/MiKTeX/fonts/type1/urw/helvetic/uhvbo8
a.pfb><C:/Users/Musarrat Hussain/AppData/Local/Programs/MiKTeX/fonts/type1/urw/
helvetic/uhvr8a.pfb><C:/Users/Musarrat Hussain/AppData/Local/Programs/MiKTeX/fo
nts/type1/urw/helvetic/uhvro8a.pfb><C:/Users/Musarrat Hussain/AppData/Local/Pro
grams/MiKTeX/fonts/type1/urw/times/utmb8a.pfb><C:/Users/Musarrat Hussain/AppDat
a/Local/Programs/MiKTeX/fonts/type1/urw/times/utmr8a.pfb><C:/Users/Musarrat Hus
sain/AppData/Local/Programs/MiKTeX/fonts/type1/urw/times/utmri8a.pfb>
Output written on ManuScript.pdf (12 pages, 2298661 bytes).
PDF statistics:
 694 PDF objects out of 1000 (max. 8388607)
 76 named destinations out of 1000 (max. 500000)
 366 words of extra memory for PDF output out of 10000 (max. 10000000)

